TN:
SF:/Users/sreeram/Dropbox/Works/pipeline/src/components/web/app/app.test.js
FN:1,(anonymous_1)
FN:2,hotDisposeChunk
FN:7,webpackHotUpdateCallback
FN:12,hotDownloadUpdateChunk
FN:22,hotDownloadManifest
FN:24,(anonymous_6)
FN:36,(anonymous_7)
FN:71,hotCreateRequire
FN:74,(anonymous_9)
FN:91,ObjectFactory
FN:95,(anonymous_11)
FN:98,(anonymous_12)
FN:108,(anonymous_13)
FN:112,(anonymous_14)
FN:117,finishChunkLoading
FN:132,hotCreateModule
FN:144,(anonymous_17)
FN:151,(anonymous_18)
FN:153,(anonymous_19)
FN:155,(anonymous_20)
FN:164,(anonymous_21)
FN:167,(anonymous_22)
FN:170,(anonymous_23)
FN:178,(anonymous_24)
FN:182,(anonymous_25)
FN:185,(anonymous_26)
FN:200,hotSetStatus
FN:217,toModuleId
FN:222,hotCheck
FN:226,(anonymous_30)
FN:237,(anonymous_31)
FN:256,hotAddUpdateChunk
FN:270,hotEnsureUpdateChunk
FN:280,hotUpdateDownloaded
FN:289,(anonymous_35)
FN:292,(anonymous_36)
FN:295,(anonymous_37)
FN:310,hotApply
FN:320,getAffectedStuff
FN:324,(anonymous_40)
FN:387,addAllToSet
FN:401,warnUnexpectedRequire
FN:491,(anonymous_43)
FN:653,(anonymous_44)
FN:662,__webpack_require__
FN:696,(anonymous_46)
FN:707,(anonymous_47)
FN:709,getDefault
FN:710,getModuleExports
FN:716,(anonymous_50)
FN:722,(anonymous_51)
FN:731,(anonymous_52)
FN:733,Calculator
FN:733,add
FN:733,subtract
FN:733,(anonymous_56)
FN:733,(anonymous_57)
FNF:57
FNH:10
FNDA:1,(anonymous_1)
FNDA:0,hotDisposeChunk
FNDA:0,webpackHotUpdateCallback
FNDA:0,hotDownloadUpdateChunk
FNDA:0,hotDownloadManifest
FNDA:0,(anonymous_6)
FNDA:0,(anonymous_7)
FNDA:2,hotCreateRequire
FNDA:0,(anonymous_9)
FNDA:8,ObjectFactory
FNDA:0,(anonymous_11)
FNDA:0,(anonymous_12)
FNDA:0,(anonymous_13)
FNDA:0,(anonymous_14)
FNDA:0,finishChunkLoading
FNDA:1,hotCreateModule
FNDA:0,(anonymous_17)
FNDA:0,(anonymous_18)
FNDA:0,(anonymous_19)
FNDA:0,(anonymous_20)
FNDA:0,(anonymous_21)
FNDA:0,(anonymous_22)
FNDA:0,(anonymous_23)
FNDA:0,(anonymous_24)
FNDA:0,(anonymous_25)
FNDA:0,(anonymous_26)
FNDA:0,hotSetStatus
FNDA:0,toModuleId
FNDA:0,hotCheck
FNDA:0,(anonymous_30)
FNDA:0,(anonymous_31)
FNDA:0,hotAddUpdateChunk
FNDA:0,hotEnsureUpdateChunk
FNDA:0,hotUpdateDownloaded
FNDA:0,(anonymous_35)
FNDA:0,(anonymous_36)
FNDA:0,(anonymous_37)
FNDA:0,hotApply
FNDA:0,getAffectedStuff
FNDA:0,(anonymous_40)
FNDA:0,addAllToSet
FNDA:0,warnUnexpectedRequire
FNDA:0,(anonymous_43)
FNDA:0,(anonymous_44)
FNDA:1,__webpack_require__
FNDA:0,(anonymous_46)
FNDA:0,(anonymous_47)
FNDA:0,getDefault
FNDA:0,getModuleExports
FNDA:0,(anonymous_50)
FNDA:0,(anonymous_51)
FNDA:1,(anonymous_52)
FNDA:1,Calculator
FNDA:1,add
FNDA:0,subtract
FNDA:1,(anonymous_56)
FNDA:1,(anonymous_57)
DA:1,1
DA:2,1
DA:3,0
DA:5,1
DA:6,1
DA:8,0
DA:9,0
DA:12,1
DA:13,0
DA:14,0
DA:15,0
DA:16,0
DA:17,0
DA:19,0
DA:22,1
DA:23,0
DA:24,0
DA:25,0
DA:26,0
DA:27,0
DA:28,0
DA:29,0
DA:30,0
DA:31,0
DA:32,0
DA:34,0
DA:36,0
DA:37,0
DA:38,0
DA:40,0
DA:41,0
DA:43,0
DA:44,0
DA:46,0
DA:49,0
DA:50,0
DA:52,0
DA:53,0
DA:55,0
DA:63,1
DA:64,1
DA:65,1
DA:66,1
DA:67,1
DA:68,1
DA:69,1
DA:71,1
DA:72,2
DA:73,2
DA:74,1
DA:75,0
DA:76,0
DA:77,0
DA:78,0
DA:80,0
DA:81,0
DA:83,0
DA:84,0
DA:86,0
DA:87,0
DA:89,0
DA:91,1
DA:92,8
DA:96,0
DA:99,0
DA:103,1
DA:104,8
DA:105,8
DA:108,1
DA:109,0
DA:110,0
DA:111,0
DA:112,0
DA:113,0
DA:114,0
DA:117,1
DA:118,0
DA:119,0
DA:120,0
DA:121,0
DA:123,0
DA:124,0
DA:129,1
DA:132,1
DA:133,1
DA:145,0
DA:146,0
DA:147,0
DA:148,0
DA:149,0
DA:150,0
DA:151,0
DA:153,0
DA:156,0
DA:157,0
DA:158,0
DA:159,0
DA:160,0
DA:162,0
DA:165,0
DA:168,0
DA:171,0
DA:172,0
DA:179,0
DA:180,0
DA:183,0
DA:186,0
DA:187,0
DA:193,1
DA:194,1
DA:197,1
DA:198,1
DA:200,1
DA:201,0
DA:202,0
DA:203,0
DA:207,1
DA:208,1
DA:209,1
DA:210,1
DA:211,1
DA:212,1
DA:215,1
DA:217,1
DA:218,0
DA:219,0
DA:222,1
DA:223,0
DA:224,0
DA:225,0
DA:226,0
DA:227,0
DA:228,0
DA:229,0
DA:231,0
DA:232,0
DA:233,0
DA:234,0
DA:236,0
DA:237,0
DA:238,0
DA:243,0
DA:244,0
DA:247,0
DA:249,0
DA:250,0
DA:252,0
DA:256,1
DA:257,0
DA:258,0
DA:259,0
DA:260,0
DA:261,0
DA:262,0
DA:265,0
DA:266,0
DA:270,1
DA:271,0
DA:272,0
DA:274,0
DA:275,0
DA:276,0
DA:280,1
DA:281,0
DA:282,0
DA:283,0
DA:284,0
DA:285,0
DA:289,0
DA:290,0
DA:293,0
DA:296,0
DA:300,0
DA:301,0
DA:302,0
DA:303,0
DA:306,0
DA:310,1
DA:311,0
DA:312,0
DA:314,0
DA:315,0
DA:316,0
DA:317,0
DA:318,0
DA:320,1
DA:321,0
DA:322,0
DA:324,0
DA:325,0
DA:330,0
DA:331,0
DA:332,0
DA:333,0
DA:334,0
DA:335,0
DA:336,0
DA:337,0
DA:338,0
DA:344,0
DA:345,0
DA:351,0
DA:352,0
DA:353,0
DA:354,0
DA:355,0
DA:356,0
DA:363,0
DA:364,0
DA:365,0
DA:366,0
DA:367,0
DA:368,0
DA:370,0
DA:371,0
DA:372,0
DA:379,0
DA:387,1
DA:388,0
DA:389,0
DA:390,0
DA:391,0
DA:397,0
DA:398,0
DA:399,0
DA:401,0
DA:402,0
DA:405,0
DA:406,0
DA:407,0
DA:408,0
DA:409,0
DA:410,0
DA:412,0
DA:417,0
DA:418,0
DA:419,0
DA:420,0
DA:421,0
DA:422,0
DA:424,0
DA:426,0
DA:427,0
DA:428,0
DA:429,0
DA:430,0
DA:432,0
DA:433,0
DA:434,0
DA:435,0
DA:436,0
DA:438,0
DA:439,0
DA:440,0
DA:441,0
DA:442,0
DA:444,0
DA:445,0
DA:446,0
DA:447,0
DA:449,0
DA:450,0
DA:451,0
DA:452,0
DA:454,0
DA:456,0
DA:457,0
DA:458,0
DA:460,0
DA:461,0
DA:462,0
DA:463,0
DA:464,0
DA:465,0
DA:466,0
DA:467,0
DA:471,0
DA:472,0
DA:473,0
DA:479,0
DA:480,0
DA:481,0
DA:482,0
DA:483,0
DA:490,0
DA:491,0
DA:492,0
DA:493,0
DA:497,0
DA:498,0
DA:499,0
DA:500,0
DA:501,0
DA:502,0
DA:504,0
DA:507,0
DA:508,0
DA:509,0
DA:510,0
DA:512,0
DA:515,0
DA:518,0
DA:521,0
DA:524,0
DA:525,0
DA:526,0
DA:527,0
DA:528,0
DA:529,0
DA:535,0
DA:536,0
DA:537,0
DA:538,0
DA:539,0
DA:540,0
DA:541,0
DA:542,0
DA:543,0
DA:544,0
DA:545,0
DA:552,0
DA:554,0
DA:557,0
DA:558,0
DA:559,0
DA:564,0
DA:565,0
DA:566,0
DA:567,0
DA:568,0
DA:569,0
DA:570,0
DA:571,0
DA:572,0
DA:573,0
DA:574,0
DA:575,0
DA:576,0
DA:579,0
DA:580,0
DA:581,0
DA:582,0
DA:584,0
DA:585,0
DA:592,0
DA:593,0
DA:594,0
DA:603,0
DA:604,0
DA:605,0
DA:606,0
DA:607,0
DA:608,0
DA:610,0
DA:611,0
DA:612,0
DA:614,0
DA:615,0
DA:623,0
DA:624,0
DA:625,0
DA:627,0
DA:628,0
DA:631,0
DA:632,0
DA:638,0
DA:639,0
DA:640,0
DA:647,0
DA:648,0
DA:649,0
DA:652,0
DA:653,0
DA:654,0
DA:659,1
DA:662,1
DA:665,1
DA:666,0
DA:669,1
DA:679,1
DA:682,1
DA:685,1
DA:690,1
DA:693,1
DA:696,1
DA:697,0
DA:698,0
DA:707,1
DA:708,0
DA:709,0
DA:710,0
DA:711,0
DA:712,0
DA:716,1
DA:719,1
DA:722,1
DA:725,1
DA:733,1
LF:398
LH:63
BRDA:9,1,0,0
BRDA:9,1,1,0
BRDA:23,2,0,0
BRDA:23,2,1,0
BRDA:25,3,0,0
BRDA:25,3,1,0
BRDA:37,4,0,0
BRDA:37,4,1,0
BRDA:38,5,0,0
BRDA:38,5,1,0
BRDA:41,6,0,0
BRDA:41,6,1,0
BRDA:44,7,0,0
BRDA:44,7,1,0
BRDA:44,8,0,0
BRDA:44,8,1,0
BRDA:73,9,0,1
BRDA:73,9,1,1
BRDA:75,10,0,0
BRDA:75,10,1,0
BRDA:76,11,0,0
BRDA:76,11,1,0
BRDA:77,12,0,0
BRDA:77,12,1,0
BRDA:83,13,0,0
BRDA:83,13,1,0
BRDA:104,14,0,8
BRDA:104,14,1,0
BRDA:104,15,0,8
BRDA:104,15,1,8
BRDA:109,16,0,0
BRDA:109,16,1,0
BRDA:119,17,0,0
BRDA:119,17,1,0
BRDA:120,18,0,0
BRDA:120,18,1,0
BRDA:123,19,0,0
BRDA:123,19,1,0
BRDA:123,20,0,0
BRDA:123,20,1,0
BRDA:145,21,0,0
BRDA:145,21,1,0
BRDA:147,22,0,0
BRDA:147,22,1,0
BRDA:149,23,0,0
BRDA:149,23,1,0
BRDA:151,24,0,0
BRDA:151,24,1,0
BRDA:153,25,0,0
BRDA:153,25,1,0
BRDA:156,26,0,0
BRDA:156,26,1,0
BRDA:158,27,0,0
BRDA:158,27,1,0
BRDA:172,28,0,0
BRDA:172,28,1,0
BRDA:179,29,0,0
BRDA:179,29,1,0
BRDA:187,30,0,0
BRDA:187,30,1,0
BRDA:219,31,0,0
BRDA:219,31,1,0
BRDA:223,32,0,0
BRDA:223,32,1,0
BRDA:227,33,0,0
BRDA:227,33,1,0
BRDA:249,34,0,0
BRDA:249,34,1,0
BRDA:249,35,0,0
BRDA:249,35,1,0
BRDA:249,35,2,0
BRDA:257,36,0,0
BRDA:257,36,1,0
BRDA:257,37,0,0
BRDA:257,37,1,0
BRDA:261,38,0,0
BRDA:261,38,1,0
BRDA:265,39,0,0
BRDA:265,39,1,0
BRDA:265,40,0,0
BRDA:265,40,1,0
BRDA:271,41,0,0
BRDA:271,41,1,0
BRDA:284,42,0,0
BRDA:284,42,1,0
BRDA:285,43,0,0
BRDA:285,43,1,0
BRDA:302,44,0,0
BRDA:302,44,1,0
BRDA:311,45,0,0
BRDA:311,45,1,0
BRDA:312,46,0,0
BRDA:312,46,1,0
BRDA:335,47,0,0
BRDA:335,47,1,0
BRDA:335,48,0,0
BRDA:335,48,1,0
BRDA:337,49,0,0
BRDA:337,49,1,0
BRDA:344,50,0,0
BRDA:344,50,1,0
BRDA:354,51,0,0
BRDA:354,51,1,0
BRDA:355,52,0,0
BRDA:355,52,1,0
BRDA:363,53,0,0
BRDA:363,53,1,0
BRDA:364,54,0,0
BRDA:364,54,1,0
BRDA:365,55,0,0
BRDA:365,55,1,0
BRDA:390,56,0,0
BRDA:390,56,1,0
BRDA:406,57,0,0
BRDA:406,57,1,0
BRDA:409,58,0,0
BRDA:409,58,1,0
BRDA:421,59,0,0
BRDA:421,59,1,0
BRDA:424,60,0,0
BRDA:424,60,1,0
BRDA:424,60,2,0
BRDA:424,60,3,0
BRDA:424,60,4,0
BRDA:424,60,5,0
BRDA:426,61,0,0
BRDA:426,61,1,0
BRDA:428,62,0,0
BRDA:428,62,1,0
BRDA:432,63,0,0
BRDA:432,63,1,0
BRDA:434,64,0,0
BRDA:434,64,1,0
BRDA:438,65,0,0
BRDA:438,65,1,0
BRDA:440,66,0,0
BRDA:440,66,1,0
BRDA:444,67,0,0
BRDA:444,67,1,0
BRDA:449,68,0,0
BRDA:449,68,1,0
BRDA:456,69,0,0
BRDA:456,69,1,0
BRDA:460,70,0,0
BRDA:460,70,1,0
BRDA:464,71,0,0
BRDA:464,71,1,0
BRDA:465,72,0,0
BRDA:465,72,1,0
BRDA:471,73,0,0
BRDA:471,73,1,0
BRDA:482,74,0,0
BRDA:482,74,1,0
BRDA:482,75,0,0
BRDA:482,75,1,0
BRDA:492,76,0,0
BRDA:492,76,1,0
BRDA:502,77,0,0
BRDA:502,77,1,0
BRDA:526,78,0,0
BRDA:526,78,1,0
BRDA:528,79,0,0
BRDA:528,79,1,0
BRDA:538,80,0,0
BRDA:538,80,1,0
BRDA:540,81,0,0
BRDA:540,81,1,0
BRDA:545,82,0,0
BRDA:545,82,1,0
BRDA:558,83,0,0
BRDA:558,83,1,0
BRDA:566,84,0,0
BRDA:566,84,1,0
BRDA:568,85,0,0
BRDA:568,85,1,0
BRDA:574,86,0,0
BRDA:574,86,1,0
BRDA:575,87,0,0
BRDA:575,87,1,0
BRDA:584,88,0,0
BRDA:584,88,1,0
BRDA:592,89,0,0
BRDA:592,89,1,0
BRDA:593,90,0,0
BRDA:593,90,1,0
BRDA:610,91,0,0
BRDA:610,91,1,0
BRDA:614,92,0,0
BRDA:614,92,1,0
BRDA:623,93,0,0
BRDA:623,93,1,0
BRDA:624,94,0,0
BRDA:624,94,1,0
BRDA:627,95,0,0
BRDA:627,95,1,0
BRDA:631,96,0,0
BRDA:631,96,1,0
BRDA:638,97,0,0
BRDA:638,97,1,0
BRDA:639,98,0,0
BRDA:639,98,1,0
BRDA:647,99,0,0
BRDA:647,99,1,0
BRDA:665,100,0,0
BRDA:665,100,1,1
BRDA:697,101,0,0
BRDA:697,101,1,0
BRDA:708,102,0,0
BRDA:708,102,1,0
BRDA:708,103,0,0
BRDA:708,103,1,0
BRF:211
BRH:6
end_of_record
TN:
SF:/Users/sreeram/Dropbox/Works/pipeline/src/reducers/visibility/visibilityReducer.test.js
FN:1,(anonymous_1)
FN:2,hotDisposeChunk
FN:7,webpackHotUpdateCallback
FN:12,hotDownloadUpdateChunk
FN:22,hotDownloadManifest
FN:24,(anonymous_6)
FN:36,(anonymous_7)
FN:71,hotCreateRequire
FN:74,(anonymous_9)
FN:91,ObjectFactory
FN:95,(anonymous_11)
FN:98,(anonymous_12)
FN:108,(anonymous_13)
FN:112,(anonymous_14)
FN:117,finishChunkLoading
FN:132,hotCreateModule
FN:144,(anonymous_17)
FN:151,(anonymous_18)
FN:153,(anonymous_19)
FN:155,(anonymous_20)
FN:164,(anonymous_21)
FN:167,(anonymous_22)
FN:170,(anonymous_23)
FN:178,(anonymous_24)
FN:182,(anonymous_25)
FN:185,(anonymous_26)
FN:200,hotSetStatus
FN:217,toModuleId
FN:222,hotCheck
FN:226,(anonymous_30)
FN:237,(anonymous_31)
FN:256,hotAddUpdateChunk
FN:270,hotEnsureUpdateChunk
FN:280,hotUpdateDownloaded
FN:289,(anonymous_35)
FN:292,(anonymous_36)
FN:295,(anonymous_37)
FN:310,hotApply
FN:320,getAffectedStuff
FN:324,(anonymous_40)
FN:387,addAllToSet
FN:401,warnUnexpectedRequire
FN:491,(anonymous_43)
FN:653,(anonymous_44)
FN:662,__webpack_require__
FN:696,(anonymous_46)
FN:707,(anonymous_47)
FN:709,getDefault
FN:710,getModuleExports
FN:716,(anonymous_50)
FN:722,(anonymous_51)
FN:731,(anonymous_52)
FN:733,(anonymous_53)
FN:733,(anonymous_54)
FN:738,(anonymous_55)
FN:740,(anonymous_56)
FN:740,(anonymous_57)
FN:744,(anonymous_58)
FN:746,unwrapExports
FN:750,createCommonjsModule
FN:754,(anonymous_61)
FN:763,(anonymous_62)
FN:768,(anonymous_63)
FN:775,(anonymous_64)
FN:779,(anonymous_65)
FN:782,(anonymous_66)
FN:785,(anonymous_67)
FN:789,(anonymous_68)
FN:794,(anonymous_69)
FN:798,(anonymous_70)
FN:803,(anonymous_71)
FN:812,(anonymous_72)
FN:813,(anonymous_73)
FN:819,(anonymous_74)
FN:823,(anonymous_75)
FN:824,(anonymous_76)
FN:831,(anonymous_77)
FN:842,defineProperty
FN:858,(anonymous_79)
FN:867,(anonymous_80)
FN:869,(anonymous_81)
FN:876,(anonymous_82)
FN:899,(anonymous_83)
FN:900,(anonymous_84)
FN:933,(anonymous_85)
FN:939,(anonymous_86)
FN:946,(anonymous_87)
FN:951,(anonymous_88)
FN:959,(anonymous_89)
FN:966,(anonymous_90)
FN:973,(anonymous_91)
FN:979,(anonymous_92)
FN:989,(anonymous_93)
FN:990,(anonymous_94)
FN:1010,(anonymous_95)
FN:1016,(anonymous_96)
FN:1022,(anonymous_97)
FN:1029,(anonymous_98)
FN:1051,keys
FN:1069,(anonymous_100)
FN:1083,(anonymous_101)
FN:1090,(anonymous_102)
FN:1092,assign
FN:1115,(anonymous_104)
FN:1121,(anonymous_105)
FN:1132,(anonymous_106)
FN:1160,wrap
FN:1184,tryCatch
FN:1205,Generator
FN:1206,GeneratorFunction
FN:1207,GeneratorFunctionPrototype
FN:1212,(anonymous_112)
FN:1235,defineIteratorMethods
FN:1236,(anonymous_114)
FN:1237,(anonymous_115)
FN:1243,(anonymous_116)
FN:1253,(anonymous_117)
FN:1270,(anonymous_118)
FN:1274,AsyncIterator
FN:1275,invoke
FN:1285,(anonymous_121)
FN:1287,(anonymous_122)
FN:1292,(anonymous_123)
FN:1316,enqueue
FN:1317,callInvokeWithMethodAndArg
FN:1318,(anonymous_126)
FN:1350,(anonymous_127)
FN:1358,(anonymous_128)
FN:1365,(anonymous_129)
FN:1370,makeInvokeMethod
FN:1373,invoke
FN:1452,maybeInvokeDelegate
FN:1541,(anonymous_133)
FN:1545,(anonymous_134)
FN:1549,pushTryEntry
FN:1564,resetTryEntry
FN:1571,Context
FN:1580,(anonymous_138)
FN:1589,next
FN:1607,values
FN:1619,next
FN:1643,doneResult
FN:1650,(anonymous_143)
FN:1676,(anonymous_144)
FN:1688,(anonymous_145)
FN:1694,handle
FN:1748,(anonymous_147)
FN:1782,(anonymous_148)
FN:1801,(anonymous_149)
FN:1812,(anonymous_150)
FN:1830,(anonymous_151)
FN:1850,(anonymous_152)
FN:1856,(anonymous_153)
FN:1887,(anonymous_154)
FN:1888,(anonymous_155)
FN:1907,defineProperties
FN:1925,(anonymous_157)
FN:1929,(anonymous_158)
FN:1950,create
FN:1962,(anonymous_160)
FN:1968,(anonymous_161)
FN:1980,(anonymous_162)
FN:1991,(anonymous_163)
FN:1993,(anonymous_164)
FN:2004,(anonymous_165)
FN:2028,(anonymous_166)
FN:2030,(anonymous_167)
FN:2032,(anonymous_168)
FN:2035,keys
FN:2036,values
FN:2037,entries
FN:2061,values
FN:2087,(anonymous_173)
FN:2091,(anonymous_174)
FN:2101,(anonymous_175)
FN:2103,(anonymous_176)
FN:2117,(anonymous_177)
FN:2122,(anonymous_178)
FN:2162,(anonymous_179)
FN:2165,(anonymous_180)
FN:2171,(anonymous_181)
FN:2182,(anonymous_182)
FN:2190,(anonymous_183)
FN:2206,(anonymous_184)
FN:2212,(anonymous_185)
FN:2218,(anonymous_186)
FN:2221,(anonymous_187)
FN:2222,(anonymous_188)
FN:2244,(anonymous_189)
FN:2251,(anonymous_190)
FN:2278,(anonymous_191)
FN:2287,(anonymous_192)
FN:2292,setImmediate
FN:2296,(anonymous_194)
FN:2303,clearImmediate
FN:2308,(anonymous_196)
FN:2313,(anonymous_197)
FN:2325,(anonymous_198)
FN:2331,(anonymous_199)
FN:2332,(anonymous_200)
FN:2339,(anonymous_201)
FN:2355,(anonymous_202)
FN:2358,(anonymous_203)
FN:2377,(anonymous_204)
FN:2385,(anonymous_205)
FN:2391,(anonymous_206)
FN:2401,(anonymous_207)
FN:2407,(anonymous_208)
FN:2421,PromiseCapability
FN:2423,(anonymous_210)
FN:2432,(anonymous_211)
FN:2440,(anonymous_212)
FN:2448,(anonymous_213)
FN:2457,(anonymous_214)
FN:2471,(anonymous_215)
FN:2475,(anonymous_216)
FN:2484,(anonymous_217)
FN:2489,(anonymous_218)
FN:2495,(anonymous_219)
FN:2496,(anonymous_220)
FN:2523,(anonymous_221)
FN:2530,(anonymous_222)
FN:2534,(anonymous_223)
FN:2543,(anonymous_224)
FN:2547,(anonymous_225)
FN:2551,(anonymous_226)
FN:2555,(anonymous_227)
FN:2589,(anonymous_228)
FN:2590,(anonymous_229)
FN:2595,(anonymous_230)
FN:2610,(anonymous_231)
FN:2620,(anonymous_232)
FN:2621,(anonymous_233)
FN:2630,(anonymous_234)
FN:2640,(anonymous_235)
FN:2649,(anonymous_236)
FN:2670,Promise
FN:2681,Promise
FN:2692,then
FN:2703,(anonymous_240)
FN:2707,(anonymous_241)
FN:2713,(anonymous_242)
FN:2728,reject
FN:2737,resolve
FN:2741,(anonymous_245)
FN:2745,all
FN:2750,(anonymous_247)
FN:2754,(anonymous_248)
FN:2759,(anonymous_249)
FN:2772,race
FN:2776,(anonymous_251)
FN:2777,(anonymous_252)
FN:2794,(anonymous_253)
FN:2798,(anonymous_254)
FN:2799,(anonymous_255)
FN:2801,(anonymous_256)
FN:2802,(anonymous_257)
FN:2813,(anonymous_258)
FN:2822,(anonymous_259)
FN:2828,(anonymous_260)
FN:2837,_interopRequireDefault
FN:2839,(anonymous_262)
FN:2840,(anonymous_263)
FN:2842,(anonymous_264)
FN:2843,step
FN:2855,(anonymous_266)
FN:2857,(anonymous_267)
FN:2875,(anonymous_268)
FN:2879,(anonymous_269)
FN:2886,(anonymous_270)
FN:2887,keys
FN:2894,(anonymous_272)
FN:2908,(anonymous_273)
FN:2914,(anonymous_274)
FN:2920,(anonymous_275)
FN:2923,(anonymous_276)
FN:2926,(anonymous_277)
FN:2932,(anonymous_278)
FN:2945,(anonymous_279)
FN:2957,(anonymous_280)
FN:2971,(anonymous_281)
FN:2980,(anonymous_282)
FN:2994,isArray
FN:3002,getOwnPropertyNames
FN:3018,(anonymous_285)
FN:3026,getOwnPropertyNames
FN:3036,getOwnPropertyDescriptor
FN:3095,(anonymous_288)
FN:3097,(anonymous_289)
FN:3099,(anonymous_290)
FN:3106,(anonymous_291)
FN:3112,(anonymous_292)
FN:3114,(anonymous_293)
FN:3118,defineProperty
FN:3133,defineProperties
FN:3142,create
FN:3145,propertyIsEnumerable
FN:3150,getOwnPropertyDescriptor
FN:3158,getOwnPropertyNames
FN:3167,getOwnPropertySymbols
FN:3180,Symbol
FN:3183,(anonymous_302)
FN:3191,toString
FN:3205,(anonymous_304)
FN:3221,(anonymous_305)
FN:3227,keyFor
FN:3231,(anonymous_307)
FN:3232,(anonymous_308)
FN:3251,(anonymous_309)
FN:3258,stringify
FN:3266,(anonymous_311)
FN:3290,(anonymous_312)
FN:3296,(anonymous_313)
FN:3309,(anonymous_314)
FN:3309,(anonymous_315)
FN:3311,_interopRequireDefault
FN:3313,(anonymous_317)
FN:3315,(anonymous_318)
FN:3326,(anonymous_319)
FN:3327,getPrototypeOf
FN:3334,(anonymous_321)
FN:3340,(anonymous_322)
FN:3345,(anonymous_323)
FN:3354,(anonymous_324)
FN:3363,_interopRequireDefault
FN:3365,(anonymous_326)
FN:3380,(anonymous_327)
FN:3386,(anonymous_328)
FN:3392,setPrototypeOf
FN:3408,(anonymous_330)
FN:3418,create
FN:3422,(anonymous_332)
FN:3428,(anonymous_333)
FN:3445,_interopRequireDefault
FN:3447,(anonymous_335)
FN:3470,defineProperty
FN:3474,(anonymous_337)
FN:3480,(anonymous_338)
FN:3489,_interopRequireDefault
FN:3491,(anonymous_340)
FN:3509,(anonymous_341)
FN:3517,(anonymous_342)
FN:3523,(anonymous_343)
FN:3543,(anonymous_344)
FN:3555,(anonymous_345)
FN:3556,(anonymous_346)
FN:3568,clear
FN:3579,(anonymous_348)
FN:3596,forEach
FN:3608,has
FN:3613,(anonymous_351)
FN:3619,(anonymous_352)
FN:3643,(anonymous_353)
FN:3646,(anonymous_354)
FN:3650,(anonymous_355)
FN:3675,(anonymous_356)
FN:3691,(anonymous_357)
FN:3707,(anonymous_358)
FN:3715,(anonymous_359)
FN:3755,(anonymous_360)
FN:3761,(anonymous_361)
FN:3769,(anonymous_362)
FN:3774,(anonymous_363)
FN:3776,(anonymous_364)
FN:3784,(anonymous_365)
FN:3806,(anonymous_366)
FN:3807,Map
FN:3810,get
FN:3815,set
FN:3820,(anonymous_370)
FN:3829,(anonymous_371)
FN:3830,toJSON
FN:3845,(anonymous_373)
FN:3846,of
FN:3864,(anonymous_375)
FN:3865,from
FN:3876,(anonymous_377)
FN:3891,(anonymous_378)
FN:4050,(anonymous_379)
FN:4107,(anonymous_380)
FN:4147,(anonymous_381)
FN:4185,(anonymous_382)
FN:4197,(anonymous_383)
FN:4217,comparativeDistance
FN:4225,(anonymous_385)
FN:4252,(anonymous_386)
FN:4256,(anonymous_387)
FN:4273,(anonymous_388)
FN:4297,(anonymous_389)
FN:4346,(anonymous_390)
FN:4364,(anonymous_391)
FN:4392,(anonymous_392)
FN:4412,(anonymous_393)
FN:4455,(anonymous_394)
FN:4471,(anonymous_395)
FN:4503,(anonymous_396)
FN:4526,(anonymous_397)
FN:4552,(anonymous_398)
FN:4572,(anonymous_399)
FN:4587,(anonymous_400)
FN:4611,(anonymous_401)
FN:4617,(anonymous_402)
FN:4644,(anonymous_403)
FN:4666,(anonymous_404)
FN:4683,(anonymous_405)
FN:4692,(anonymous_406)
FN:4701,(anonymous_407)
FN:4714,(anonymous_408)
FN:4748,(anonymous_409)
FN:4767,(anonymous_410)
FN:4781,(anonymous_411)
FN:4820,(anonymous_412)
FN:4834,(anonymous_413)
FN:4851,(anonymous_414)
FN:4858,(anonymous_415)
FN:4872,(anonymous_416)
FN:4876,(anonymous_417)
FN:4880,(anonymous_418)
FN:4884,(anonymous_419)
FN:4888,(anonymous_420)
FN:4892,(anonymous_421)
FN:4896,(anonymous_422)
FN:4900,(anonymous_423)
FN:4908,(anonymous_424)
FN:4928,buildGraph
FN:4944,deriveBFS
FN:4969,link
FN:4970,(anonymous_428)
FN:4975,wrapConversion
FN:4990,(anonymous_430)
FN:5014,wrapRaw
FN:5015,(anonymous_432)
FN:5035,wrapRounded
FN:5036,(anonymous_434)
FN:5067,(anonymous_435)
FN:5076,(anonymous_436)
FN:5088,(anonymous_437)
FN:5091,wrapAnsi16
FN:5092,(anonymous_439)
FN:5098,wrapAnsi256
FN:5099,(anonymous_441)
FN:5105,wrapAnsi16m
FN:5106,(anonymous_443)
FN:5112,assembleStyles
FN:5240,rgb2rgb
FN:5315,(anonymous_446)
FN:5318,_interopRequireDefault
FN:5322,returnInput
FN:5330,(anonymous_449)
FN:5332,(anonymous_450)
FN:5334,(anonymous_451)
FN:5336,(anonymous_452)
FN:5352,(anonymous_453)
FN:5353,Set
FN:5356,add
FN:5374,(anonymous_456)
FN:5382,(anonymous_457)
FN:5397,getType
FN:5434,(anonymous_459)
FN:5442,(anonymous_460)
FN:5444,(anonymous_461)
FN:5453,isSymbol
FN:5460,printIteratorEntries
FN:5474,printIteratorValues
FN:5487,printListItems
FN:5500,printObjectProperties
FN:5502,(anonymous_467)
FN:5531,(anonymous_468)
FN:5539,(anonymous_469)
FN:5550,(anonymous_470)
FN:5578,(anonymous_471)
FN:5587,(anonymous_472)
FN:5590,(anonymous_473)
FN:5599,(anonymous_474)
FN:5604,_interopRequireDefault
FN:5608,toHumanReadableAnsi
FN:5609,(anonymous_477)
FN:5660,(anonymous_478)
FN:5662,(anonymous_479)
FN:5671,(anonymous_480)
FN:5680,escapeHTML
FN:5689,(anonymous_482)
FN:5693,_interopRequireDefault
FN:5705,(anonymous_484)
FN:5708,(anonymous_485)
FN:5724,(anonymous_486)
FN:5725,(anonymous_487)
FN:5730,(anonymous_488)
FN:5735,(anonymous_489)
FN:5744,(anonymous_490)
FN:5749,(anonymous_491)
FN:5759,(anonymous_492)
FN:5778,testNode
FN:5782,(anonymous_494)
FN:5787,keysMapper
FN:5790,propsReducer
FN:5795,(anonymous_497)
FN:5817,(anonymous_498)
FN:5832,getImmutableName
FN:5835,printAsLeaf
FN:5841,printImmutableEntries
FN:5846,getRecordEntries
FN:5849,next
FN:5859,printImmutableRecord
FN:5868,printImmutableSeq
FN:5888,printImmutableValues
FN:5892,(anonymous_507)
FN:5915,(anonymous_508)
FN:5924,(anonymous_509)
FN:5939,getChildren
FN:5942,(anonymous_511)
FN:5951,getType
FN:5961,(anonymous_513)
FN:5962,(anonymous_514)
FN:5967,(anonymous_515)
FN:5976,(anonymous_516)
FN:5989,(anonymous_517)
FN:5997,(anonymous_518)
FN:6006,(anonymous_519)
FN:6016,_interopRequireDefault
FN:6029,isToStringedArrayType
FN:6033,printNumber
FN:6041,printFunction
FN:6048,printSymbol
FN:6052,printError
FN:6056,printBasicValue
FN:6117,printComplexValue
FN:6148,printPlugin
FN:6149,(anonymous_529)
FN:6151,(anonymous_530)
FN:6165,findPlugin
FN:6175,printer
FN:6210,validateOptions
FN:6211,(anonymous_534)
FN:6232,getColorsHighlight
FN:6233,(anonymous_536)
FN:6245,getColorsEmpty
FN:6246,(anonymous_538)
FN:6252,getPrintFunctionName
FN:6256,getEscapeRegex
FN:6260,getConfig
FN:6275,createIndent
FN:6279,prettyFormat
FN:6314,(anonymous_544)
FN:6320,_interopRequireDefault
FN:6344,(anonymous_546)
FN:6365,(anonymous_547)
FN:6369,(anonymous_548)
FN:6372,(anonymous_549)
FN:6376,(anonymous_550)
FN:6381,(anonymous_551)
FN:6388,(anonymous_552)
FN:6395,(anonymous_553)
FN:6402,(anonymous_554)
FN:6407,(anonymous_555)
FN:6411,(anonymous_556)
FN:6463,(anonymous_557)
FN:6478,(anonymous_558)
FN:6480,from
FN:6508,(anonymous_560)
FN:6518,isNaN
FN:6526,(anonymous_562)
FN:6534,(anonymous_563)
FN:6539,Diff
FN:6542,diff
FN:6554,done
FN:6556,(anonymous_567)
FN:6586,execEditLength
FN:6635,exec
FN:6636,(anonymous_570)
FN:6657,pushComponent
FN:6667,extractCommon
FN:6686,equals
FN:6689,removeEmpty
FN:6698,castInput
FN:6701,tokenize
FN:6704,join
FN:6709,buildValues
FN:6720,(anonymous_579)
FN:6761,clonePath
FN:6770,(anonymous_581)
FN:6779,_interopRequireDefault
FN:6784,diffChars
FN:6793,(anonymous_584)
FN:6798,generateOptions
FN:6817,(anonymous_586)
FN:6829,_interopRequireDefault
FN:6856,(anonymous_588)
FN:6863,(anonymous_589)
FN:6879,diffWords
FN:6884,diffWordsWithSpace
FN:6893,(anonymous_592)
FN:6905,_interopRequireDefault
FN:6910,(anonymous_594)
FN:6936,diffLines
FN:6939,diffTrimmedLines
FN:6949,(anonymous_597)
FN:6958,_interopRequireDefault
FN:6963,(anonymous_599)
FN:6967,diffSentences
FN:6976,(anonymous_601)
FN:6985,_interopRequireDefault
FN:6990,(anonymous_603)
FN:6994,diffCss
FN:7002,stringify
FN:7006,(anonymous_606)
FN:7014,(anonymous_607)
FN:7020,(anonymous_608)
FN:7022,(anonymous_609)
FN:7033,_interopRequireDefault
FN:7045,(anonymous_611)
FN:7048,(anonymous_612)
FN:7056,(anonymous_613)
FN:7061,diffJson
FN:7067,canonicalize
FN:7127,(anonymous_616)
FN:7136,_interopRequireDefault
FN:7141,(anonymous_618)
FN:7145,diffArrays
FN:7154,(anonymous_620)
FN:7159,parsePatch
FN:7167,parseIndex
FN:7215,parseFileHeader
FN:7233,parseHunk
FN:7307,(anonymous_625)
FN:7312,(anonymous_626)
FN:7318,iterator
FN:7360,(anonymous_628)
FN:7369,_interopRequireDefault
FN:7373,applyPatch
FN:7392,(anonymous_631)
FN:7407,hunkFits
FN:7510,applyPatches
FN:7516,processIndex
FN:7522,(anonymous_635)
FN:7528,(anonymous_636)
FN:7545,(anonymous_637)
FN:7553,_toConsumableArray
FN:7563,structuredPatch
FN:7574,contextLines
FN:7575,(anonymous_641)
FN:7587,_loop
FN:7609,(anonymous_643)
FN:7676,createTwoFilesPatch
FN:7696,createPatch
FN:7705,(anonymous_646)
FN:7711,arrayEqual
FN:7719,arrayStartsWith
FN:7738,(anonymous_649)
FN:7745,_toConsumableArray
FN:7755,calcLineCount
FN:7761,(anonymous_652)
FN:7781,merge
FN:7857,loadPatch
FN:7874,fileNameChanged
FN:7878,selectField
FN:7887,hunkBefore
FN:7891,cloneHunk
FN:7899,mergeLines
FN:7951,mutualChange
FN:7978,removal
FN:7990,conflict
FN:7999,insertLeading
FN:8006,insertTrailing
FN:8013,collectChange
FN:8034,collectContext
FN:8091,allRemoves
FN:8092,(anonymous_668)
FN:8096,skipRemoveSuperset
FN:8113,(anonymous_670)
FN:8119,convertChangesToDMP
FN:8144,(anonymous_672)
FN:8149,convertChangesToXML
FN:8170,escapeHTML
FN:8185,(anonymous_675)
FN:8197,_interopRequireDefault
FN:8243,(anonymous_677)
FN:8247,_interopRequireDefault
FN:8265,(anonymous_679)
FN:8267,_interopRequireDefault
FN:8281,getDiffChar
FN:8284,getDiffDigit
FN:8287,getColor
FN:8295,getBgColor
FN:8302,highlightTrailingWhitespace
FN:8305,highlightWhitespace
FN:8307,getAnnotation
FN:8310,splitIntoLines
FN:8315,formatLine
FN:8324,getterForChunks
FN:8325,(anonymous_691)
FN:8334,formatChunks
FN:8335,(anonymous_693)
FN:8339,(anonymous_694)
FN:8340,(anonymous_695)
FN:8349,shouldShowPatchMarks
FN:8351,createPatchMark
FN:8355,getterForHunks
FN:8356,(anonymous_699)
FN:8357,(anonymous_700)
FN:8367,formatHunks
FN:8370,(anonymous_702)
FN:8374,(anonymous_703)
FN:8378,diffStrings
FN:8393,(anonymous_705)
FN:8400,_interopRequireDefault
FN:8435,diff
FN:8484,sortMap
FN:8488,sortSet
FN:8492,compareObjects
FN:8549,normalizeArray
FN:8579,(anonymous_712)
FN:8585,resolve
FN:8607,(anonymous_714)
FN:8616,normalize
FN:8621,(anonymous_716)
FN:8636,isAbsolute
FN:8641,join
FN:8643,(anonymous_719)
FN:8654,relative
FN:8658,trim
FN:8698,dirname
FN:8716,basename
FN:8726,extname
FN:8741,filter
FN:8752,(anonymous_726)
FN:8753,(anonymous_727)
FN:8777,(anonymous_728)
FN:8781,_interopRequireDefault
FN:8785,(anonymous_730)
FN:8799,(anonymous_731)
FN:8801,(anonymous_732)
FN:8842,equals
FN:8847,isAsymmetric
FN:8851,asymmetricMatch
FN:8870,eq
FN:9005,keys$3
FN:9006,(anonymous_738)
FN:9034,has$1
FN:9038,isA
FN:9042,isDomNode
FN:9046,fnNameFor
FN:9055,isUndefined
FN:9059,getPrototype
FN:9071,hasProperty
FN:9094,hasOwnProperty
FN:9098,getPath
FN:9141,getObjectSubset
FN:9144,(anonymous_749)
FN:9152,(anonymous_750)
FN:9154,(anonymous_751)
FN:9167,hasIterator
FN:9170,iterableEquality
FN:9286,isObjectWithKeys
FN:9290,subsetEquality
FN:9295,(anonymous_756)
FN:9300,partition
FN:9303,(anonymous_758)
FN:9322,toBe
FN:9327,(anonymous_760)
FN:9329,(anonymous_761)
FN:9344,toBeCloseTo
FN:9349,(anonymous_763)
FN:9351,(anonymous_764)
FN:9357,toBeDefined
FN:9360,(anonymous_766)
FN:9362,(anonymous_767)
FN:9367,toBeFalsy
FN:9370,(anonymous_769)
FN:9372,(anonymous_770)
FN:9377,toBeGreaterThan
FN:9380,(anonymous_772)
FN:9382,(anonymous_773)
FN:9387,toBeGreaterThanOrEqual
FN:9390,(anonymous_775)
FN:9392,(anonymous_776)
FN:9397,toBeInstanceOf
FN:9405,(anonymous_778)
FN:9407,(anonymous_779)
FN:9413,toBeLessThan
FN:9416,(anonymous_781)
FN:9418,(anonymous_782)
FN:9423,toBeLessThanOrEqual
FN:9426,(anonymous_784)
FN:9428,(anonymous_785)
FN:9433,toBeNaN
FN:9436,(anonymous_787)
FN:9438,(anonymous_788)
FN:9443,toBeNull
FN:9446,(anonymous_790)
FN:9448,(anonymous_791)
FN:9453,toBeTruthy
FN:9456,(anonymous_793)
FN:9458,(anonymous_794)
FN:9463,toBeUndefined
FN:9466,(anonymous_796)
FN:9468,(anonymous_797)
FN:9474,toContain
FN:9492,(anonymous_799)
FN:9494,(anonymous_800)
FN:9500,toContainEqual
FN:9513,(anonymous_802)
FN:9516,(anonymous_803)
FN:9518,(anonymous_804)
FN:9524,toEqual
FN:9529,(anonymous_806)
FN:9531,(anonymous_807)
FN:9543,toHaveLength
FN:9549,(anonymous_809)
FN:9551,(anonymous_810)
FN:9557,toHaveProperty
FN:9583,(anonymous_812)
FN:9587,(anonymous_813)
FN:9599,toMatch
FN:9609,(anonymous_815)
FN:9611,(anonymous_816)
FN:9617,toMatchObject
FN:9630,(anonymous_818)
FN:9632,(anonymous_819)
FN:9645,(anonymous_820)
FN:9655,(anonymous_821)
FN:9661,(anonymous_822)
FN:9674,_interopRequireDefault
FN:9676,(anonymous_824)
FN:9677,sliceIterator
FN:9703,(anonymous_826)
FN:9735,createToBeCalledMatcher
FN:9736,(anonymous_828)
FN:9743,(anonymous_829)
FN:9747,(anonymous_830)
FN:9749,(anonymous_831)
FN:9757,createToBeCalledWithMatcher
FN:9758,(anonymous_833)
FN:9767,(anonymous_834)
FN:9771,(anonymous_835)
FN:9780,(anonymous_836)
FN:9782,(anonymous_837)
FN:9790,createLastCalledWithMatcher
FN:9791,(anonymous_839)
FN:9800,(anonymous_840)
FN:9805,(anonymous_841)
FN:9807,(anonymous_842)
FN:9820,toHaveBeenCalledTimes
FN:9829,(anonymous_844)
FN:9831,(anonymous_845)
FN:9842,isSpy
FN:9846,ensureMock
FN:9852,formatReceivedCalls
FN:9863,formatMismatchedCalls
FN:9871,formatMismatchedArgs
FN:9890,defaultSetTimout
FN:9893,defaultClearTimeout
FN:9905,runTimeout
FN:9930,runClearTimeout
FN:9962,cleanUpNextTick
FN:9977,drainQueue
FN:10000,nextTick
FN:10013,Item
FN:10017,(anonymous_859)
FN:10030,noop
FN:10040,binding
FN:10044,cwd
FN:10045,chdir
FN:10048,umask
FN:10058,(anonymous_865)
FN:10062,hrtime
FN:10078,uptime
FN:10117,filenameRegex
FN:10130,(anonymous_869)
FN:10134,flat
FN:10176,diff$1
FN:10212,unique
FN:10234,(anonymous_873)
FN:10249,isObject
FN:10262,(anonymous_875)
FN:10266,isBuffer
FN:10271,isSlowBuffer
FN:10284,kindOf
FN:10402,isNumber
FN:10420,kindOf
FN:10538,isNumber
FN:10559,kindOf
FN:10711,randomatic
FN:10792,repeat
FN:10832,repeat
FN:10873,fillRange
FN:11076,wrap$2
FN:11101,isCharClass
FN:11112,shouldExpand
FN:11121,detectSeparator
FN:11133,formatStep
FN:11141,formatPadding
FN:11153,isInvalidChar
FN:11168,toStr
FN:11177,stepRe
FN:11186,noAlphaNum
FN:11195,hasBoth
FN:11203,zeros
FN:11215,hasZeros
FN:11227,isPadded
FN:11236,(anonymous_901)
FN:11247,length
FN:11262,expandRange
FN:11317,before
FN:11318,(anonymous_905)
FN:11338,after
FN:11339,(anonymous_907)
FN:11344,randomize$1
FN:11376,(anonymous_909)
FN:11393,braces
FN:11518,exponential
FN:11570,wrap$1
FN:11589,emptyBraces
FN:11597,filterEmpty
FN:11605,splitWhitespace
FN:11621,escapeBraces
FN:11627,(anonymous_917)
FN:11638,escapeDots
FN:11643,(anonymous_919)
FN:11653,escapePaths
FN:11655,(anonymous_921)
FN:11664,escapeCommas
FN:11669,(anonymous_923)
FN:11679,patternRegex
FN:11687,braceRegex
FN:11695,es6Regex
FN:11707,splice
FN:11717,map$3
FN:11737,filter$2
FN:11762,isPosixBracket
FN:11803,brackets
FN:11901,(anonymous_932)
FN:11907,(anonymous_933)
FN:11915,(anonymous_934)
FN:11937,isExtglob
FN:11984,extglob
FN:11993,(anonymous_937)
FN:12061,wrap$3
FN:12080,escape
FN:12090,regex
FN:12098,negate
FN:12112,toRegex$1
FN:12131,isGlob
FN:12139,(anonymous_944)
FN:12150,isSeparator
FN:12164,normalizePath
FN:12184,isExtendable
FN:12198,forIn
FN:12218,forOwn
FN:12219,(anonymous_950)
FN:12238,omit
FN:12254,(anonymous_952)
FN:12272,globParent
FN:12291,globBase
FN:12325,dirname$1
FN:12337,(anonymous_956)
FN:12345,(anonymous_957)
FN:12378,parseGlob
FN:12456,dotdir
FN:12474,has
FN:12482,escape
FN:12484,(anonymous_962)
FN:12491,esc
FN:12497,unescape
FN:12514,isPrimitive
FN:12529,isEqual
FN:12575,regexCache
FN:12604,memo
FN:12618,(anonymous_969)
FN:12650,filename
FN:12663,isPath
FN:12665,(anonymous_972)
FN:12682,hasPath
FN:12683,(anonymous_974)
FN:12696,matchPath
FN:12711,hasFilename
FN:12712,(anonymous_977)
FN:12725,arrayify
FN:12736,unixify
FN:12751,escapePath
FN:12755,unescapeGlob
FN:12759,escapeRe
FN:12776,reverse
FN:12777,(anonymous_984)
FN:12840,(anonymous_985)
FN:12850,Glob
FN:12865,(anonymous_987)
FN:12877,(anonymous_988)
FN:12890,(anonymous_989)
FN:12905,(anonymous_990)
FN:12926,(anonymous_991)
FN:12936,(anonymous_992)
FN:12948,(anonymous_993)
FN:12967,(anonymous_994)
FN:12985,(anonymous_995)
FN:12989,(anonymous_996)
FN:13011,(anonymous_997)
FN:13013,(anonymous_998)
FN:13023,esc
FN:13029,unesc
FN:13064,expand
FN:13211,(anonymous_1002)
FN:13262,collapse
FN:13284,negateSlash
FN:13285,(anonymous_1005)
FN:13299,balance
FN:13332,oneStar
FN:13336,globstar
FN:13363,micromatch
FN:13402,match
FN:13479,filter$1
FN:13491,(anonymous_1012)
FN:13525,isMatch
FN:13542,contains
FN:13567,any
FN:13594,matchKeys
FN:13619,matcher
FN:13626,(anonymous_1018)
FN:13650,(anonymous_1019)
FN:13668,toRegex
FN:13705,wrapGlob
FN:13725,makeRe
FN:13747,msg
FN:13774,(anonymous_1024)
FN:13787,(anonymous_1025)
FN:13794,_interopRequireDefault
FN:13811,trim
FN:13819,trimPaths
FN:13826,(anonymous_1029)
FN:13848,(anonymous_1030)
FN:13861,removeInternalStackEntries
FN:13864,(anonymous_1032)
FN:13881,formatPaths
FN:13896,(anonymous_1034)
FN:13900,(anonymous_1035)
FN:13905,(anonymous_1036)
FN:13906,(anonymous_1037)
FN:13907,(anonymous_1038)
FN:13917,(anonymous_1039)
FN:13923,(anonymous_1040)
FN:13936,(anonymous_1041)
FN:13968,createMatcher
FN:13969,(anonymous_1043)
FN:13996,(anonymous_1044)
FN:13998,(anonymous_1045)
FN:14014,toThrowMatchingStringOrRegexp
FN:14020,(anonymous_1047)
FN:14022,(anonymous_1048)
FN:14029,toThrowMatchingErrorInstance
FN:14035,(anonymous_1050)
FN:14037,(anonymous_1051)
FN:14044,toThrowMatchingError
FN:14046,(anonymous_1053)
FN:14048,(anonymous_1054)
FN:14055,printActualErrorMessage
FN:14072,(anonymous_1056)
FN:14081,_interopRequireDefault
FN:14083,(anonymous_1058)
FN:14084,defineProperties
FN:14094,(anonymous_1060)
FN:14115,AsymmetricMatcher
FN:14121,(anonymous_1062)
FN:14124,Any
FN:14138,asymmetricMatch
FN:14163,toString
FN:14168,getExpectedType
FN:14193,toAsymmetricMatcher
FN:14201,(anonymous_1068)
FN:14204,Anything
FN:14212,asymmetricMatch
FN:14217,toString
FN:14225,toAsymmetricMatcher
FN:14233,(anonymous_1073)
FN:14236,ArrayContaining
FN:14247,asymmetricMatch
FN:14252,(anonymous_1076)
FN:14253,(anonymous_1077)
FN:14260,toString
FN:14265,getExpectedType
FN:14273,(anonymous_1080)
FN:14276,ObjectContaining
FN:14287,asymmetricMatch
FN:14302,toString
FN:14307,getExpectedType
FN:14315,(anonymous_1085)
FN:14318,StringContaining
FN:14332,asymmetricMatch
FN:14337,toString
FN:14342,getExpectedType
FN:14350,(anonymous_1090)
FN:14353,StringMatching
FN:14368,asymmetricMatch
FN:14373,toString
FN:14378,getExpectedType
FN:14386,any
FN:14389,anything
FN:14392,arrayContaining
FN:14395,objectContaining
FN:14398,stringContaining
FN:14401,stringMatching
FN:14434,getState
FN:14438,setState
FN:14442,getMatchers
FN:14446,setMatchers
FN:14461,resetAssertionsLocalState
FN:14471,extractExpectedAssertionsErrors
FN:14521,(anonymous_1107)
FN:14524,JestAssertionError
FN:14533,isPromise
FN:14537,expect
FN:14549,(anonymous_1111)
FN:14563,getMessage
FN:14567,makeResolveMatcher
FN:14568,_callee
FN:14574,_callee$
FN:14615,makeRejectMatcher
FN:14616,_callee2
FN:14622,_callee2$
FN:14663,makeThrowingMatcher
FN:14664,throwingMatcher
FN:14672,dontThrow
FN:14725,(anonymous_1122)
FN:14736,_validateResult
FN:14747,(anonymous_1124)
FN:14750,(anonymous_1125)
FN:14753,(anonymous_1126)
FN:14770,(anonymous_1127)
FN:14772,(anonymous_1128)
FN:14777,(anonymous_1129)
FN:14782,(anonymous_1130)
FNF:1130
FNH:272
FNDA:1,(anonymous_1)
FNDA:0,hotDisposeChunk
FNDA:0,webpackHotUpdateCallback
FNDA:0,hotDownloadUpdateChunk
FNDA:0,hotDownloadManifest
FNDA:0,(anonymous_6)
FNDA:0,(anonymous_7)
FNDA:5,hotCreateRequire
FNDA:3,(anonymous_9)
FNDA:32,ObjectFactory
FNDA:0,(anonymous_11)
FNDA:0,(anonymous_12)
FNDA:0,(anonymous_13)
FNDA:0,(anonymous_14)
FNDA:0,finishChunkLoading
FNDA:4,hotCreateModule
FNDA:0,(anonymous_17)
FNDA:0,(anonymous_18)
FNDA:0,(anonymous_19)
FNDA:0,(anonymous_20)
FNDA:0,(anonymous_21)
FNDA:0,(anonymous_22)
FNDA:0,(anonymous_23)
FNDA:0,(anonymous_24)
FNDA:0,(anonymous_25)
FNDA:0,(anonymous_26)
FNDA:0,hotSetStatus
FNDA:0,toModuleId
FNDA:0,hotCheck
FNDA:0,(anonymous_30)
FNDA:0,(anonymous_31)
FNDA:0,hotAddUpdateChunk
FNDA:0,hotEnsureUpdateChunk
FNDA:0,hotUpdateDownloaded
FNDA:0,(anonymous_35)
FNDA:0,(anonymous_36)
FNDA:0,(anonymous_37)
FNDA:0,hotApply
FNDA:0,getAffectedStuff
FNDA:0,(anonymous_40)
FNDA:0,addAllToSet
FNDA:0,warnUnexpectedRequire
FNDA:0,(anonymous_43)
FNDA:0,(anonymous_44)
FNDA:4,__webpack_require__
FNDA:0,(anonymous_46)
FNDA:0,(anonymous_47)
FNDA:0,getDefault
FNDA:0,getModuleExports
FNDA:0,(anonymous_50)
FNDA:0,(anonymous_51)
FNDA:1,(anonymous_52)
FNDA:1,(anonymous_53)
FNDA:1,(anonymous_54)
FNDA:1,(anonymous_55)
FNDA:1,(anonymous_56)
FNDA:1,(anonymous_57)
FNDA:1,(anonymous_58)
FNDA:61,unwrapExports
FNDA:74,createCommonjsModule
FNDA:1,(anonymous_61)
FNDA:1,(anonymous_62)
FNDA:8,(anonymous_63)
FNDA:8,(anonymous_64)
FNDA:0,(anonymous_65)
FNDA:8,(anonymous_66)
FNDA:0,(anonymous_67)
FNDA:0,(anonymous_68)
FNDA:3764,(anonymous_69)
FNDA:131,(anonymous_70)
FNDA:5,(anonymous_71)
FNDA:1,(anonymous_72)
FNDA:1,(anonymous_73)
FNDA:0,(anonymous_74)
FNDA:0,(anonymous_75)
FNDA:0,(anonymous_76)
FNDA:3501,(anonymous_77)
FNDA:0,defineProperty
FNDA:67,(anonymous_79)
FNDA:52,(anonymous_80)
FNDA:0,(anonymous_81)
FNDA:27,(anonymous_82)
FNDA:0,(anonymous_83)
FNDA:0,(anonymous_84)
FNDA:3739,(anonymous_85)
FNDA:8,(anonymous_86)
FNDA:0,(anonymous_87)
FNDA:426,(anonymous_88)
FNDA:289,(anonymous_89)
FNDA:0,(anonymous_90)
FNDA:0,(anonymous_91)
FNDA:0,(anonymous_92)
FNDA:1,(anonymous_93)
FNDA:0,(anonymous_94)
FNDA:5,(anonymous_95)
FNDA:20,(anonymous_96)
FNDA:3,(anonymous_97)
FNDA:0,(anonymous_98)
FNDA:0,keys
FNDA:137,(anonymous_100)
FNDA:0,(anonymous_101)
FNDA:0,(anonymous_102)
FNDA:128,assign
FNDA:1,(anonymous_104)
FNDA:1,(anonymous_105)
FNDA:1,(anonymous_106)
FNDA:0,wrap
FNDA:0,tryCatch
FNDA:0,Generator
FNDA:0,GeneratorFunction
FNDA:0,GeneratorFunctionPrototype
FNDA:0,(anonymous_112)
FNDA:2,defineIteratorMethods
FNDA:6,(anonymous_114)
FNDA:0,(anonymous_115)
FNDA:0,(anonymous_116)
FNDA:116,(anonymous_117)
FNDA:0,(anonymous_118)
FNDA:0,AsyncIterator
FNDA:0,invoke
FNDA:0,(anonymous_121)
FNDA:0,(anonymous_122)
FNDA:0,(anonymous_123)
FNDA:0,enqueue
FNDA:0,callInvokeWithMethodAndArg
FNDA:0,(anonymous_126)
FNDA:0,(anonymous_127)
FNDA:0,(anonymous_128)
FNDA:0,(anonymous_129)
FNDA:0,makeInvokeMethod
FNDA:0,invoke
FNDA:0,maybeInvokeDelegate
FNDA:0,(anonymous_133)
FNDA:0,(anonymous_134)
FNDA:0,pushTryEntry
FNDA:0,resetTryEntry
FNDA:0,Context
FNDA:0,(anonymous_138)
FNDA:0,next
FNDA:1,values
FNDA:0,next
FNDA:0,doneResult
FNDA:0,(anonymous_143)
FNDA:0,(anonymous_144)
FNDA:0,(anonymous_145)
FNDA:0,handle
FNDA:0,(anonymous_147)
FNDA:0,(anonymous_148)
FNDA:0,(anonymous_149)
FNDA:0,(anonymous_150)
FNDA:0,(anonymous_151)
FNDA:1,(anonymous_152)
FNDA:1,(anonymous_153)
FNDA:1,(anonymous_154)
FNDA:0,(anonymous_155)
FNDA:0,defineProperties
FNDA:0,(anonymous_157)
FNDA:0,(anonymous_158)
FNDA:0,create
FNDA:1,(anonymous_160)
FNDA:39,(anonymous_161)
FNDA:10,(anonymous_162)
FNDA:0,(anonymous_163)
FNDA:4,(anonymous_164)
FNDA:0,(anonymous_165)
FNDA:0,(anonymous_166)
FNDA:4,(anonymous_167)
FNDA:9,(anonymous_168)
FNDA:0,keys
FNDA:5,values
FNDA:0,entries
FNDA:0,values
FNDA:0,(anonymous_173)
FNDA:0,(anonymous_174)
FNDA:3,(anonymous_175)
FNDA:64,(anonymous_176)
FNDA:5,(anonymous_177)
FNDA:64,(anonymous_178)
FNDA:1,(anonymous_179)
FNDA:5,(anonymous_180)
FNDA:6,(anonymous_181)
FNDA:1,(anonymous_182)
FNDA:0,(anonymous_183)
FNDA:0,(anonymous_184)
FNDA:5,(anonymous_185)
FNDA:1,(anonymous_186)
FNDA:0,(anonymous_187)
FNDA:0,(anonymous_188)
FNDA:0,(anonymous_189)
FNDA:0,(anonymous_190)
FNDA:0,(anonymous_191)
FNDA:0,(anonymous_192)
FNDA:0,setImmediate
FNDA:0,(anonymous_194)
FNDA:0,clearImmediate
FNDA:0,(anonymous_196)
FNDA:0,(anonymous_197)
FNDA:0,(anonymous_198)
FNDA:0,(anonymous_199)
FNDA:0,(anonymous_200)
FNDA:0,(anonymous_201)
FNDA:1,(anonymous_202)
FNDA:0,(anonymous_203)
FNDA:0,(anonymous_204)
FNDA:0,(anonymous_205)
FNDA:0,(anonymous_206)
FNDA:0,(anonymous_207)
FNDA:0,(anonymous_208)
FNDA:0,PromiseCapability
FNDA:0,(anonymous_210)
FNDA:0,(anonymous_211)
FNDA:0,(anonymous_212)
FNDA:0,(anonymous_213)
FNDA:5,(anonymous_214)
FNDA:3,(anonymous_215)
FNDA:0,(anonymous_216)
FNDA:0,(anonymous_217)
FNDA:1,(anonymous_218)
FNDA:0,(anonymous_219)
FNDA:0,(anonymous_220)
FNDA:0,(anonymous_221)
FNDA:1,(anonymous_222)
FNDA:0,(anonymous_223)
FNDA:0,(anonymous_224)
FNDA:0,(anonymous_225)
FNDA:0,(anonymous_226)
FNDA:0,(anonymous_227)
FNDA:0,(anonymous_228)
FNDA:0,(anonymous_229)
FNDA:0,(anonymous_230)
FNDA:0,(anonymous_231)
FNDA:0,(anonymous_232)
FNDA:0,(anonymous_233)
FNDA:0,(anonymous_234)
FNDA:0,(anonymous_235)
FNDA:0,(anonymous_236)
FNDA:0,Promise
FNDA:0,Promise
FNDA:0,then
FNDA:0,(anonymous_240)
FNDA:0,(anonymous_241)
FNDA:0,(anonymous_242)
FNDA:0,reject
FNDA:0,resolve
FNDA:0,(anonymous_245)
FNDA:0,all
FNDA:0,(anonymous_247)
FNDA:0,(anonymous_248)
FNDA:0,(anonymous_249)
FNDA:0,race
FNDA:0,(anonymous_251)
FNDA:0,(anonymous_252)
FNDA:0,(anonymous_253)
FNDA:0,(anonymous_254)
FNDA:0,(anonymous_255)
FNDA:0,(anonymous_256)
FNDA:0,(anonymous_257)
FNDA:0,(anonymous_258)
FNDA:1,(anonymous_259)
FNDA:1,(anonymous_260)
FNDA:1,_interopRequireDefault
FNDA:116,(anonymous_262)
FNDA:0,(anonymous_263)
FNDA:0,(anonymous_264)
FNDA:0,step
FNDA:0,(anonymous_266)
FNDA:0,(anonymous_267)
FNDA:2,(anonymous_268)
FNDA:2,(anonymous_269)
FNDA:1,(anonymous_270)
FNDA:9,keys
FNDA:1,(anonymous_272)
FNDA:1,(anonymous_273)
FNDA:1,(anonymous_274)
FNDA:0,(anonymous_275)
FNDA:1,(anonymous_276)
FNDA:0,(anonymous_277)
FNDA:81,(anonymous_278)
FNDA:0,(anonymous_279)
FNDA:0,(anonymous_280)
FNDA:14,(anonymous_281)
FNDA:7,(anonymous_282)
FNDA:0,isArray
FNDA:0,getOwnPropertyNames
FNDA:0,(anonymous_285)
FNDA:138,getOwnPropertyNames
FNDA:0,getOwnPropertyDescriptor
FNDA:1,(anonymous_288)
FNDA:1,(anonymous_289)
FNDA:0,(anonymous_290)
FNDA:17,(anonymous_291)
FNDA:0,(anonymous_292)
FNDA:0,(anonymous_293)
FNDA:56,defineProperty
FNDA:7,defineProperties
FNDA:8,create
FNDA:3444,propertyIsEnumerable
FNDA:1,getOwnPropertyDescriptor
FNDA:0,getOwnPropertyNames
FNDA:138,getOwnPropertySymbols
FNDA:4,Symbol
FNDA:5,(anonymous_302)
FNDA:8,toString
FNDA:13,(anonymous_304)
FNDA:4,(anonymous_305)
FNDA:0,keyFor
FNDA:0,(anonymous_307)
FNDA:0,(anonymous_308)
FNDA:0,(anonymous_309)
FNDA:0,stringify
FNDA:0,(anonymous_311)
FNDA:1,(anonymous_312)
FNDA:1,(anonymous_313)
FNDA:0,(anonymous_314)
FNDA:19,(anonymous_315)
FNDA:2,_interopRequireDefault
FNDA:0,(anonymous_317)
FNDA:18,(anonymous_318)
FNDA:1,(anonymous_319)
FNDA:0,getPrototypeOf
FNDA:1,(anonymous_321)
FNDA:1,(anonymous_322)
FNDA:0,(anonymous_323)
FNDA:1,(anonymous_324)
FNDA:1,_interopRequireDefault
FNDA:0,(anonymous_326)
FNDA:7,(anonymous_327)
FNDA:1,(anonymous_328)
FNDA:7,setPrototypeOf
FNDA:1,(anonymous_330)
FNDA:8,create
FNDA:1,(anonymous_332)
FNDA:1,(anonymous_333)
FNDA:3,_interopRequireDefault
FNDA:7,(anonymous_335)
FNDA:23,defineProperty
FNDA:1,(anonymous_337)
FNDA:1,(anonymous_338)
FNDA:1,_interopRequireDefault
FNDA:41,(anonymous_340)
FNDA:5,(anonymous_341)
FNDA:1,(anonymous_342)
FNDA:41,(anonymous_343)
FNDA:41,(anonymous_344)
FNDA:2,(anonymous_345)
FNDA:1,(anonymous_346)
FNDA:0,clear
FNDA:0,(anonymous_348)
FNDA:0,forEach
FNDA:0,has
FNDA:0,(anonymous_351)
FNDA:41,(anonymous_352)
FNDA:2,(anonymous_353)
FNDA:0,(anonymous_354)
FNDA:0,(anonymous_355)
FNDA:0,(anonymous_356)
FNDA:0,(anonymous_357)
FNDA:1,(anonymous_358)
FNDA:0,(anonymous_359)
FNDA:2,(anonymous_360)
FNDA:0,(anonymous_361)
FNDA:0,(anonymous_362)
FNDA:0,(anonymous_363)
FNDA:0,(anonymous_364)
FNDA:0,(anonymous_365)
FNDA:1,(anonymous_366)
FNDA:1,Map
FNDA:0,get
FNDA:41,set
FNDA:0,(anonymous_370)
FNDA:2,(anonymous_371)
FNDA:0,toJSON
FNDA:2,(anonymous_373)
FNDA:0,of
FNDA:2,(anonymous_375)
FNDA:0,from
FNDA:0,(anonymous_377)
FNDA:1,(anonymous_378)
FNDA:1,(anonymous_379)
FNDA:0,(anonymous_380)
FNDA:0,(anonymous_381)
FNDA:0,(anonymous_382)
FNDA:0,(anonymous_383)
FNDA:0,comparativeDistance
FNDA:0,(anonymous_385)
FNDA:0,(anonymous_386)
FNDA:0,(anonymous_387)
FNDA:0,(anonymous_388)
FNDA:0,(anonymous_389)
FNDA:0,(anonymous_390)
FNDA:0,(anonymous_391)
FNDA:0,(anonymous_392)
FNDA:0,(anonymous_393)
FNDA:0,(anonymous_394)
FNDA:0,(anonymous_395)
FNDA:0,(anonymous_396)
FNDA:0,(anonymous_397)
FNDA:0,(anonymous_398)
FNDA:0,(anonymous_399)
FNDA:0,(anonymous_400)
FNDA:0,(anonymous_401)
FNDA:0,(anonymous_402)
FNDA:0,(anonymous_403)
FNDA:0,(anonymous_404)
FNDA:0,(anonymous_405)
FNDA:0,(anonymous_406)
FNDA:0,(anonymous_407)
FNDA:0,(anonymous_408)
FNDA:0,(anonymous_409)
FNDA:0,(anonymous_410)
FNDA:0,(anonymous_411)
FNDA:0,(anonymous_412)
FNDA:0,(anonymous_413)
FNDA:0,(anonymous_414)
FNDA:0,(anonymous_415)
FNDA:0,(anonymous_416)
FNDA:0,(anonymous_417)
FNDA:0,(anonymous_418)
FNDA:0,(anonymous_419)
FNDA:0,(anonymous_420)
FNDA:0,(anonymous_421)
FNDA:0,(anonymous_422)
FNDA:0,(anonymous_423)
FNDA:0,(anonymous_424)
FNDA:15,buildGraph
FNDA:15,deriveBFS
FNDA:210,link
FNDA:0,(anonymous_428)
FNDA:210,wrapConversion
FNDA:15,(anonymous_430)
FNDA:210,wrapRaw
FNDA:0,(anonymous_432)
FNDA:210,wrapRounded
FNDA:0,(anonymous_434)
FNDA:15,(anonymous_435)
FNDA:210,(anonymous_436)
FNDA:1,(anonymous_437)
FNDA:28,wrapAnsi16
FNDA:0,(anonymous_439)
FNDA:28,wrapAnsi256
FNDA:0,(anonymous_441)
FNDA:30,wrapAnsi16m
FNDA:0,(anonymous_443)
FNDA:1,assembleStyles
FNDA:0,rgb2rgb
FNDA:1,(anonymous_446)
FNDA:1,_interopRequireDefault
FNDA:4,returnInput
FNDA:41,(anonymous_449)
FNDA:40,(anonymous_450)
FNDA:41,(anonymous_451)
FNDA:41,(anonymous_452)
FNDA:1,(anonymous_453)
FNDA:0,Set
FNDA:0,add
FNDA:1,(anonymous_456)
FNDA:1,(anonymous_457)
FNDA:0,getType
FNDA:1,(anonymous_459)
FNDA:1,(anonymous_460)
FNDA:0,(anonymous_461)
FNDA:0,isSymbol
FNDA:0,printIteratorEntries
FNDA:0,printIteratorValues
FNDA:0,printListItems
FNDA:0,printObjectProperties
FNDA:0,(anonymous_467)
FNDA:1,(anonymous_468)
FNDA:1,(anonymous_469)
FNDA:0,(anonymous_470)
FNDA:0,(anonymous_471)
FNDA:1,(anonymous_472)
FNDA:0,(anonymous_473)
FNDA:1,(anonymous_474)
FNDA:2,_interopRequireDefault
FNDA:0,toHumanReadableAnsi
FNDA:0,(anonymous_477)
FNDA:0,(anonymous_478)
FNDA:0,(anonymous_479)
FNDA:1,(anonymous_480)
FNDA:0,escapeHTML
FNDA:1,(anonymous_482)
FNDA:1,_interopRequireDefault
FNDA:0,(anonymous_484)
FNDA:0,(anonymous_485)
FNDA:0,(anonymous_486)
FNDA:0,(anonymous_487)
FNDA:0,(anonymous_488)
FNDA:0,(anonymous_489)
FNDA:0,(anonymous_490)
FNDA:0,(anonymous_491)
FNDA:1,(anonymous_492)
FNDA:0,testNode
FNDA:0,(anonymous_494)
FNDA:0,keysMapper
FNDA:0,propsReducer
FNDA:0,(anonymous_497)
FNDA:1,(anonymous_498)
FNDA:0,getImmutableName
FNDA:0,printAsLeaf
FNDA:0,printImmutableEntries
FNDA:0,getRecordEntries
FNDA:0,next
FNDA:0,printImmutableRecord
FNDA:0,printImmutableSeq
FNDA:0,printImmutableValues
FNDA:0,(anonymous_507)
FNDA:0,(anonymous_508)
FNDA:1,(anonymous_509)
FNDA:0,getChildren
FNDA:0,(anonymous_511)
FNDA:0,getType
FNDA:0,(anonymous_513)
FNDA:0,(anonymous_514)
FNDA:0,(anonymous_515)
FNDA:1,(anonymous_516)
FNDA:0,(anonymous_517)
FNDA:0,(anonymous_518)
FNDA:1,(anonymous_519)
FNDA:7,_interopRequireDefault
FNDA:0,isToStringedArrayType
FNDA:0,printNumber
FNDA:0,printFunction
FNDA:0,printSymbol
FNDA:0,printError
FNDA:0,printBasicValue
FNDA:0,printComplexValue
FNDA:0,printPlugin
FNDA:0,(anonymous_529)
FNDA:0,(anonymous_530)
FNDA:0,findPlugin
FNDA:0,printer
FNDA:0,validateOptions
FNDA:0,(anonymous_534)
FNDA:0,getColorsHighlight
FNDA:0,(anonymous_536)
FNDA:0,getColorsEmpty
FNDA:0,(anonymous_538)
FNDA:0,getPrintFunctionName
FNDA:0,getEscapeRegex
FNDA:0,getConfig
FNDA:0,createIndent
FNDA:0,prettyFormat
FNDA:1,(anonymous_544)
FNDA:3,_interopRequireDefault
FNDA:0,(anonymous_546)
FNDA:0,(anonymous_547)
FNDA:0,(anonymous_548)
FNDA:0,(anonymous_549)
FNDA:0,(anonymous_550)
FNDA:0,(anonymous_551)
FNDA:0,(anonymous_552)
FNDA:0,(anonymous_553)
FNDA:0,(anonymous_554)
FNDA:0,(anonymous_555)
FNDA:0,(anonymous_556)
FNDA:0,(anonymous_557)
FNDA:0,(anonymous_558)
FNDA:0,from
FNDA:1,(anonymous_560)
FNDA:0,isNaN
FNDA:1,(anonymous_562)
FNDA:1,(anonymous_563)
FNDA:7,Diff
FNDA:0,diff
FNDA:0,done
FNDA:0,(anonymous_567)
FNDA:0,execEditLength
FNDA:0,exec
FNDA:0,(anonymous_570)
FNDA:0,pushComponent
FNDA:0,extractCommon
FNDA:0,equals
FNDA:0,removeEmpty
FNDA:0,castInput
FNDA:0,tokenize
FNDA:0,join
FNDA:0,buildValues
FNDA:0,(anonymous_579)
FNDA:0,clonePath
FNDA:1,(anonymous_581)
FNDA:1,_interopRequireDefault
FNDA:0,diffChars
FNDA:1,(anonymous_584)
FNDA:0,generateOptions
FNDA:1,(anonymous_586)
FNDA:1,_interopRequireDefault
FNDA:0,(anonymous_588)
FNDA:0,(anonymous_589)
FNDA:0,diffWords
FNDA:0,diffWordsWithSpace
FNDA:1,(anonymous_592)
FNDA:1,_interopRequireDefault
FNDA:0,(anonymous_594)
FNDA:0,diffLines
FNDA:0,diffTrimmedLines
FNDA:1,(anonymous_597)
FNDA:1,_interopRequireDefault
FNDA:0,(anonymous_599)
FNDA:0,diffSentences
FNDA:1,(anonymous_601)
FNDA:1,_interopRequireDefault
FNDA:0,(anonymous_603)
FNDA:0,diffCss
FNDA:0,stringify
FNDA:1,(anonymous_606)
FNDA:1,(anonymous_607)
FNDA:0,(anonymous_608)
FNDA:0,(anonymous_609)
FNDA:1,_interopRequireDefault
FNDA:0,(anonymous_611)
FNDA:0,(anonymous_612)
FNDA:0,(anonymous_613)
FNDA:0,diffJson
FNDA:0,canonicalize
FNDA:1,(anonymous_616)
FNDA:1,_interopRequireDefault
FNDA:0,(anonymous_618)
FNDA:0,diffArrays
FNDA:1,(anonymous_620)
FNDA:0,parsePatch
FNDA:0,parseIndex
FNDA:0,parseFileHeader
FNDA:0,parseHunk
FNDA:1,(anonymous_625)
FNDA:0,(anonymous_626)
FNDA:0,iterator
FNDA:1,(anonymous_628)
FNDA:1,_interopRequireDefault
FNDA:0,applyPatch
FNDA:0,(anonymous_631)
FNDA:0,hunkFits
FNDA:0,applyPatches
FNDA:0,processIndex
FNDA:0,(anonymous_635)
FNDA:0,(anonymous_636)
FNDA:1,(anonymous_637)
FNDA:0,_toConsumableArray
FNDA:0,structuredPatch
FNDA:0,contextLines
FNDA:0,(anonymous_641)
FNDA:0,_loop
FNDA:0,(anonymous_643)
FNDA:0,createTwoFilesPatch
FNDA:0,createPatch
FNDA:1,(anonymous_646)
FNDA:0,arrayEqual
FNDA:0,arrayStartsWith
FNDA:1,(anonymous_649)
FNDA:0,_toConsumableArray
FNDA:0,calcLineCount
FNDA:0,(anonymous_652)
FNDA:0,merge
FNDA:0,loadPatch
FNDA:0,fileNameChanged
FNDA:0,selectField
FNDA:0,hunkBefore
FNDA:0,cloneHunk
FNDA:0,mergeLines
FNDA:0,mutualChange
FNDA:0,removal
FNDA:0,conflict
FNDA:0,insertLeading
FNDA:0,insertTrailing
FNDA:0,collectChange
FNDA:0,collectContext
FNDA:0,allRemoves
FNDA:0,(anonymous_668)
FNDA:0,skipRemoveSuperset
FNDA:1,(anonymous_670)
FNDA:0,convertChangesToDMP
FNDA:1,(anonymous_672)
FNDA:0,convertChangesToXML
FNDA:0,escapeHTML
FNDA:1,(anonymous_675)
FNDA:1,_interopRequireDefault
FNDA:1,(anonymous_677)
FNDA:1,_interopRequireDefault
FNDA:1,(anonymous_679)
FNDA:1,_interopRequireDefault
FNDA:0,getDiffChar
FNDA:0,getDiffDigit
FNDA:0,getColor
FNDA:0,getBgColor
FNDA:0,highlightTrailingWhitespace
FNDA:0,highlightWhitespace
FNDA:0,getAnnotation
FNDA:0,splitIntoLines
FNDA:0,formatLine
FNDA:0,getterForChunks
FNDA:0,(anonymous_691)
FNDA:0,formatChunks
FNDA:0,(anonymous_693)
FNDA:0,(anonymous_694)
FNDA:0,(anonymous_695)
FNDA:0,shouldShowPatchMarks
FNDA:0,createPatchMark
FNDA:0,getterForHunks
FNDA:0,(anonymous_699)
FNDA:0,(anonymous_700)
FNDA:0,formatHunks
FNDA:0,(anonymous_702)
FNDA:0,(anonymous_703)
FNDA:0,diffStrings
FNDA:1,(anonymous_705)
FNDA:4,_interopRequireDefault
FNDA:0,diff
FNDA:0,sortMap
FNDA:0,sortSet
FNDA:0,compareObjects
FNDA:0,normalizeArray
FNDA:0,(anonymous_712)
FNDA:0,resolve
FNDA:0,(anonymous_714)
FNDA:0,normalize
FNDA:0,(anonymous_716)
FNDA:0,isAbsolute
FNDA:0,join
FNDA:0,(anonymous_719)
FNDA:0,relative
FNDA:0,trim
FNDA:0,dirname
FNDA:0,basename
FNDA:0,extname
FNDA:0,filter
FNDA:0,(anonymous_726)
FNDA:0,(anonymous_727)
FNDA:1,(anonymous_728)
FNDA:1,_interopRequireDefault
FNDA:0,(anonymous_730)
FNDA:0,(anonymous_731)
FNDA:0,(anonymous_732)
FNDA:1,equals
FNDA:2,isAsymmetric
FNDA:1,asymmetricMatch
FNDA:1,eq
FNDA:0,keys$3
FNDA:0,(anonymous_738)
FNDA:0,has$1
FNDA:0,isA
FNDA:0,isDomNode
FNDA:0,fnNameFor
FNDA:0,isUndefined
FNDA:0,getPrototype
FNDA:0,hasProperty
FNDA:0,hasOwnProperty
FNDA:0,getPath
FNDA:0,getObjectSubset
FNDA:0,(anonymous_749)
FNDA:0,(anonymous_750)
FNDA:0,(anonymous_751)
FNDA:0,hasIterator
FNDA:1,iterableEquality
FNDA:0,isObjectWithKeys
FNDA:0,subsetEquality
FNDA:0,(anonymous_756)
FNDA:0,partition
FNDA:0,(anonymous_758)
FNDA:0,toBe
FNDA:0,(anonymous_760)
FNDA:0,(anonymous_761)
FNDA:0,toBeCloseTo
FNDA:0,(anonymous_763)
FNDA:0,(anonymous_764)
FNDA:0,toBeDefined
FNDA:0,(anonymous_766)
FNDA:0,(anonymous_767)
FNDA:0,toBeFalsy
FNDA:0,(anonymous_769)
FNDA:0,(anonymous_770)
FNDA:0,toBeGreaterThan
FNDA:0,(anonymous_772)
FNDA:0,(anonymous_773)
FNDA:0,toBeGreaterThanOrEqual
FNDA:0,(anonymous_775)
FNDA:0,(anonymous_776)
FNDA:0,toBeInstanceOf
FNDA:0,(anonymous_778)
FNDA:0,(anonymous_779)
FNDA:0,toBeLessThan
FNDA:0,(anonymous_781)
FNDA:0,(anonymous_782)
FNDA:0,toBeLessThanOrEqual
FNDA:0,(anonymous_784)
FNDA:0,(anonymous_785)
FNDA:0,toBeNaN
FNDA:0,(anonymous_787)
FNDA:0,(anonymous_788)
FNDA:0,toBeNull
FNDA:0,(anonymous_790)
FNDA:0,(anonymous_791)
FNDA:0,toBeTruthy
FNDA:0,(anonymous_793)
FNDA:0,(anonymous_794)
FNDA:0,toBeUndefined
FNDA:0,(anonymous_796)
FNDA:0,(anonymous_797)
FNDA:0,toContain
FNDA:0,(anonymous_799)
FNDA:0,(anonymous_800)
FNDA:0,toContainEqual
FNDA:0,(anonymous_802)
FNDA:0,(anonymous_803)
FNDA:0,(anonymous_804)
FNDA:1,toEqual
FNDA:0,(anonymous_806)
FNDA:0,(anonymous_807)
FNDA:0,toHaveLength
FNDA:0,(anonymous_809)
FNDA:0,(anonymous_810)
FNDA:0,toHaveProperty
FNDA:0,(anonymous_812)
FNDA:0,(anonymous_813)
FNDA:0,toMatch
FNDA:0,(anonymous_815)
FNDA:0,(anonymous_816)
FNDA:0,toMatchObject
FNDA:0,(anonymous_818)
FNDA:0,(anonymous_819)
FNDA:0,(anonymous_820)
FNDA:1,(anonymous_821)
FNDA:1,(anonymous_822)
FNDA:2,_interopRequireDefault
FNDA:1,(anonymous_824)
FNDA:0,sliceIterator
FNDA:0,(anonymous_826)
FNDA:2,createToBeCalledMatcher
FNDA:0,(anonymous_828)
FNDA:0,(anonymous_829)
FNDA:0,(anonymous_830)
FNDA:0,(anonymous_831)
FNDA:2,createToBeCalledWithMatcher
FNDA:0,(anonymous_833)
FNDA:0,(anonymous_834)
FNDA:0,(anonymous_835)
FNDA:0,(anonymous_836)
FNDA:0,(anonymous_837)
FNDA:2,createLastCalledWithMatcher
FNDA:0,(anonymous_839)
FNDA:0,(anonymous_840)
FNDA:0,(anonymous_841)
FNDA:0,(anonymous_842)
FNDA:0,toHaveBeenCalledTimes
FNDA:0,(anonymous_844)
FNDA:0,(anonymous_845)
FNDA:0,isSpy
FNDA:0,ensureMock
FNDA:0,formatReceivedCalls
FNDA:0,formatMismatchedCalls
FNDA:0,formatMismatchedArgs
FNDA:0,defaultSetTimout
FNDA:0,defaultClearTimeout
FNDA:0,runTimeout
FNDA:0,runClearTimeout
FNDA:0,cleanUpNextTick
FNDA:0,drainQueue
FNDA:0,nextTick
FNDA:0,Item
FNDA:0,(anonymous_859)
FNDA:0,noop
FNDA:0,binding
FNDA:0,cwd
FNDA:0,chdir
FNDA:0,umask
FNDA:0,(anonymous_865)
FNDA:0,hrtime
FNDA:0,uptime
FNDA:0,filenameRegex
FNDA:0,(anonymous_869)
FNDA:0,flat
FNDA:0,diff$1
FNDA:0,unique
FNDA:0,(anonymous_873)
FNDA:0,isObject
FNDA:0,(anonymous_875)
FNDA:0,isBuffer
FNDA:0,isSlowBuffer
FNDA:0,kindOf
FNDA:0,isNumber
FNDA:0,kindOf
FNDA:0,isNumber
FNDA:0,kindOf
FNDA:0,randomatic
FNDA:0,repeat
FNDA:0,repeat
FNDA:0,fillRange
FNDA:0,wrap$2
FNDA:0,isCharClass
FNDA:0,shouldExpand
FNDA:0,detectSeparator
FNDA:0,formatStep
FNDA:0,formatPadding
FNDA:0,isInvalidChar
FNDA:0,toStr
FNDA:0,stepRe
FNDA:0,noAlphaNum
FNDA:0,hasBoth
FNDA:0,zeros
FNDA:0,hasZeros
FNDA:0,isPadded
FNDA:0,(anonymous_901)
FNDA:0,length
FNDA:0,expandRange
FNDA:0,before
FNDA:0,(anonymous_905)
FNDA:0,after
FNDA:0,(anonymous_907)
FNDA:0,randomize$1
FNDA:0,(anonymous_909)
FNDA:0,braces
FNDA:0,exponential
FNDA:0,wrap$1
FNDA:0,emptyBraces
FNDA:0,filterEmpty
FNDA:0,splitWhitespace
FNDA:0,escapeBraces
FNDA:0,(anonymous_917)
FNDA:0,escapeDots
FNDA:0,(anonymous_919)
FNDA:0,escapePaths
FNDA:0,(anonymous_921)
FNDA:0,escapeCommas
FNDA:0,(anonymous_923)
FNDA:0,patternRegex
FNDA:0,braceRegex
FNDA:0,es6Regex
FNDA:0,splice
FNDA:0,map$3
FNDA:0,filter$2
FNDA:0,isPosixBracket
FNDA:0,brackets
FNDA:0,(anonymous_932)
FNDA:0,(anonymous_933)
FNDA:0,(anonymous_934)
FNDA:0,isExtglob
FNDA:0,extglob
FNDA:0,(anonymous_937)
FNDA:0,wrap$3
FNDA:0,escape
FNDA:0,regex
FNDA:0,negate
FNDA:0,toRegex$1
FNDA:0,isGlob
FNDA:0,(anonymous_944)
FNDA:0,isSeparator
FNDA:0,normalizePath
FNDA:0,isExtendable
FNDA:0,forIn
FNDA:0,forOwn
FNDA:0,(anonymous_950)
FNDA:0,omit
FNDA:0,(anonymous_952)
FNDA:0,globParent
FNDA:0,globBase
FNDA:0,dirname$1
FNDA:0,(anonymous_956)
FNDA:1,(anonymous_957)
FNDA:0,parseGlob
FNDA:0,dotdir
FNDA:0,has
FNDA:0,escape
FNDA:0,(anonymous_962)
FNDA:0,esc
FNDA:0,unescape
FNDA:0,isPrimitive
FNDA:0,isEqual
FNDA:0,regexCache
FNDA:0,memo
FNDA:1,(anonymous_969)
FNDA:0,filename
FNDA:0,isPath
FNDA:0,(anonymous_972)
FNDA:0,hasPath
FNDA:0,(anonymous_974)
FNDA:0,matchPath
FNDA:0,hasFilename
FNDA:0,(anonymous_977)
FNDA:0,arrayify
FNDA:0,unixify
FNDA:0,escapePath
FNDA:0,unescapeGlob
FNDA:0,escapeRe
FNDA:2,reverse
FNDA:20,(anonymous_984)
FNDA:1,(anonymous_985)
FNDA:0,Glob
FNDA:0,(anonymous_987)
FNDA:0,(anonymous_988)
FNDA:0,(anonymous_989)
FNDA:0,(anonymous_990)
FNDA:0,(anonymous_991)
FNDA:0,(anonymous_992)
FNDA:0,(anonymous_993)
FNDA:0,(anonymous_994)
FNDA:0,(anonymous_995)
FNDA:0,(anonymous_996)
FNDA:0,(anonymous_997)
FNDA:0,(anonymous_998)
FNDA:0,esc
FNDA:0,unesc
FNDA:0,expand
FNDA:0,(anonymous_1002)
FNDA:0,collapse
FNDA:0,negateSlash
FNDA:0,(anonymous_1005)
FNDA:0,balance
FNDA:0,oneStar
FNDA:0,globstar
FNDA:0,micromatch
FNDA:0,match
FNDA:0,filter$1
FNDA:0,(anonymous_1012)
FNDA:0,isMatch
FNDA:0,contains
FNDA:0,any
FNDA:0,matchKeys
FNDA:0,matcher
FNDA:0,(anonymous_1018)
FNDA:0,(anonymous_1019)
FNDA:0,toRegex
FNDA:0,wrapGlob
FNDA:0,makeRe
FNDA:0,msg
FNDA:0,(anonymous_1024)
FNDA:1,(anonymous_1025)
FNDA:4,_interopRequireDefault
FNDA:0,trim
FNDA:0,trimPaths
FNDA:0,(anonymous_1029)
FNDA:0,(anonymous_1030)
FNDA:0,removeInternalStackEntries
FNDA:0,(anonymous_1032)
FNDA:0,formatPaths
FNDA:0,(anonymous_1034)
FNDA:0,(anonymous_1035)
FNDA:0,(anonymous_1036)
FNDA:0,(anonymous_1037)
FNDA:0,(anonymous_1038)
FNDA:0,(anonymous_1039)
FNDA:0,(anonymous_1040)
FNDA:0,(anonymous_1041)
FNDA:2,createMatcher
FNDA:0,(anonymous_1043)
FNDA:0,(anonymous_1044)
FNDA:0,(anonymous_1045)
FNDA:0,toThrowMatchingStringOrRegexp
FNDA:0,(anonymous_1047)
FNDA:0,(anonymous_1048)
FNDA:0,toThrowMatchingErrorInstance
FNDA:0,(anonymous_1050)
FNDA:0,(anonymous_1051)
FNDA:0,toThrowMatchingError
FNDA:0,(anonymous_1053)
FNDA:0,(anonymous_1054)
FNDA:0,printActualErrorMessage
FNDA:1,(anonymous_1056)
FNDA:1,_interopRequireDefault
FNDA:1,(anonymous_1058)
FNDA:6,defineProperties
FNDA:6,(anonymous_1060)
FNDA:0,AsymmetricMatcher
FNDA:1,(anonymous_1062)
FNDA:0,Any
FNDA:0,asymmetricMatch
FNDA:0,toString
FNDA:0,getExpectedType
FNDA:0,toAsymmetricMatcher
FNDA:1,(anonymous_1068)
FNDA:0,Anything
FNDA:0,asymmetricMatch
FNDA:0,toString
FNDA:0,toAsymmetricMatcher
FNDA:1,(anonymous_1073)
FNDA:0,ArrayContaining
FNDA:0,asymmetricMatch
FNDA:0,(anonymous_1076)
FNDA:0,(anonymous_1077)
FNDA:0,toString
FNDA:0,getExpectedType
FNDA:1,(anonymous_1080)
FNDA:0,ObjectContaining
FNDA:0,asymmetricMatch
FNDA:0,toString
FNDA:0,getExpectedType
FNDA:1,(anonymous_1085)
FNDA:0,StringContaining
FNDA:0,asymmetricMatch
FNDA:0,toString
FNDA:0,getExpectedType
FNDA:1,(anonymous_1090)
FNDA:0,StringMatching
FNDA:0,asymmetricMatch
FNDA:0,toString
FNDA:0,getExpectedType
FNDA:0,any
FNDA:0,anything
FNDA:0,arrayContaining
FNDA:0,objectContaining
FNDA:0,stringContaining
FNDA:0,stringMatching
FNDA:2,getState
FNDA:0,setState
FNDA:1,getMatchers
FNDA:3,setMatchers
FNDA:0,resetAssertionsLocalState
FNDA:0,extractExpectedAssertionsErrors
FNDA:1,(anonymous_1107)
FNDA:0,JestAssertionError
FNDA:0,isPromise
FNDA:1,expect
FNDA:29,(anonymous_1111)
FNDA:0,getMessage
FNDA:58,makeResolveMatcher
FNDA:0,_callee
FNDA:0,_callee$
FNDA:58,makeRejectMatcher
FNDA:0,_callee2
FNDA:0,_callee2$
FNDA:58,makeThrowingMatcher
FNDA:1,throwingMatcher
FNDA:0,dontThrow
FNDA:3,(anonymous_1122)
FNDA:1,_validateResult
FNDA:0,(anonymous_1124)
FNDA:0,(anonymous_1125)
FNDA:0,(anonymous_1126)
FNDA:1,(anonymous_1127)
FNDA:1,(anonymous_1128)
FNDA:1,(anonymous_1129)
FNDA:1,(anonymous_1130)
DA:1,1
DA:2,1
DA:3,0
DA:5,1
DA:6,1
DA:8,0
DA:9,0
DA:12,1
DA:13,0
DA:14,0
DA:15,0
DA:16,0
DA:17,0
DA:19,0
DA:22,1
DA:23,0
DA:24,0
DA:25,0
DA:26,0
DA:27,0
DA:28,0
DA:29,0
DA:30,0
DA:31,0
DA:32,0
DA:34,0
DA:36,0
DA:37,0
DA:38,0
DA:40,0
DA:41,0
DA:43,0
DA:44,0
DA:46,0
DA:49,0
DA:50,0
DA:52,0
DA:53,0
DA:55,0
DA:63,1
DA:64,1
DA:65,1
DA:66,1
DA:67,1
DA:68,1
DA:69,1
DA:71,1
DA:72,5
DA:73,5
DA:74,4
DA:75,3
DA:76,3
DA:77,0
DA:78,0
DA:80,3
DA:81,3
DA:83,3
DA:84,3
DA:86,0
DA:87,0
DA:89,3
DA:91,4
DA:92,32
DA:96,0
DA:99,0
DA:103,4
DA:104,32
DA:105,32
DA:108,4
DA:109,0
DA:110,0
DA:111,0
DA:112,0
DA:113,0
DA:114,0
DA:117,1
DA:118,0
DA:119,0
DA:120,0
DA:121,0
DA:123,0
DA:124,0
DA:129,4
DA:132,1
DA:133,4
DA:145,0
DA:146,0
DA:147,0
DA:148,0
DA:149,0
DA:150,0
DA:151,0
DA:153,0
DA:156,0
DA:157,0
DA:158,0
DA:159,0
DA:160,0
DA:162,0
DA:165,0
DA:168,0
DA:171,0
DA:172,0
DA:179,0
DA:180,0
DA:183,0
DA:186,0
DA:187,0
DA:193,4
DA:194,4
DA:197,1
DA:198,1
DA:200,1
DA:201,0
DA:202,0
DA:203,0
DA:207,1
DA:208,1
DA:209,1
DA:210,1
DA:211,1
DA:212,1
DA:215,1
DA:217,1
DA:218,0
DA:219,0
DA:222,1
DA:223,0
DA:224,0
DA:225,0
DA:226,0
DA:227,0
DA:228,0
DA:229,0
DA:231,0
DA:232,0
DA:233,0
DA:234,0
DA:236,0
DA:237,0
DA:238,0
DA:243,0
DA:244,0
DA:247,0
DA:249,0
DA:250,0
DA:252,0
DA:256,1
DA:257,0
DA:258,0
DA:259,0
DA:260,0
DA:261,0
DA:262,0
DA:265,0
DA:266,0
DA:270,1
DA:271,0
DA:272,0
DA:274,0
DA:275,0
DA:276,0
DA:280,1
DA:281,0
DA:282,0
DA:283,0
DA:284,0
DA:285,0
DA:289,0
DA:290,0
DA:293,0
DA:296,0
DA:300,0
DA:301,0
DA:302,0
DA:303,0
DA:306,0
DA:310,1
DA:311,0
DA:312,0
DA:314,0
DA:315,0
DA:316,0
DA:317,0
DA:318,0
DA:320,1
DA:321,0
DA:322,0
DA:324,0
DA:325,0
DA:330,0
DA:331,0
DA:332,0
DA:333,0
DA:334,0
DA:335,0
DA:336,0
DA:337,0
DA:338,0
DA:344,0
DA:345,0
DA:351,0
DA:352,0
DA:353,0
DA:354,0
DA:355,0
DA:356,0
DA:363,0
DA:364,0
DA:365,0
DA:366,0
DA:367,0
DA:368,0
DA:370,0
DA:371,0
DA:372,0
DA:379,0
DA:387,1
DA:388,0
DA:389,0
DA:390,0
DA:391,0
DA:397,0
DA:398,0
DA:399,0
DA:401,0
DA:402,0
DA:405,0
DA:406,0
DA:407,0
DA:408,0
DA:409,0
DA:410,0
DA:412,0
DA:417,0
DA:418,0
DA:419,0
DA:420,0
DA:421,0
DA:422,0
DA:424,0
DA:426,0
DA:427,0
DA:428,0
DA:429,0
DA:430,0
DA:432,0
DA:433,0
DA:434,0
DA:435,0
DA:436,0
DA:438,0
DA:439,0
DA:440,0
DA:441,0
DA:442,0
DA:444,0
DA:445,0
DA:446,0
DA:447,0
DA:449,0
DA:450,0
DA:451,0
DA:452,0
DA:454,0
DA:456,0
DA:457,0
DA:458,0
DA:460,0
DA:461,0
DA:462,0
DA:463,0
DA:464,0
DA:465,0
DA:466,0
DA:467,0
DA:471,0
DA:472,0
DA:473,0
DA:479,0
DA:480,0
DA:481,0
DA:482,0
DA:483,0
DA:490,0
DA:491,0
DA:492,0
DA:493,0
DA:497,0
DA:498,0
DA:499,0
DA:500,0
DA:501,0
DA:502,0
DA:504,0
DA:507,0
DA:508,0
DA:509,0
DA:510,0
DA:512,0
DA:515,0
DA:518,0
DA:521,0
DA:524,0
DA:525,0
DA:526,0
DA:527,0
DA:528,0
DA:529,0
DA:535,0
DA:536,0
DA:537,0
DA:538,0
DA:539,0
DA:540,0
DA:541,0
DA:542,0
DA:543,0
DA:544,0
DA:545,0
DA:552,0
DA:554,0
DA:557,0
DA:558,0
DA:559,0
DA:564,0
DA:565,0
DA:566,0
DA:567,0
DA:568,0
DA:569,0
DA:570,0
DA:571,0
DA:572,0
DA:573,0
DA:574,0
DA:575,0
DA:576,0
DA:579,0
DA:580,0
DA:581,0
DA:582,0
DA:584,0
DA:585,0
DA:592,0
DA:593,0
DA:594,0
DA:603,0
DA:604,0
DA:605,0
DA:606,0
DA:607,0
DA:608,0
DA:610,0
DA:611,0
DA:612,0
DA:614,0
DA:615,0
DA:623,0
DA:624,0
DA:625,0
DA:627,0
DA:628,0
DA:631,0
DA:632,0
DA:638,0
DA:639,0
DA:640,0
DA:647,0
DA:648,0
DA:649,0
DA:652,0
DA:653,0
DA:654,0
DA:659,1
DA:662,1
DA:665,4
DA:666,0
DA:669,4
DA:679,4
DA:682,4
DA:685,4
DA:690,1
DA:693,1
DA:696,1
DA:697,0
DA:698,0
DA:707,1
DA:708,0
DA:709,0
DA:710,0
DA:711,0
DA:712,0
DA:716,1
DA:719,1
DA:722,1
DA:725,1
DA:733,1
DA:740,1
DA:741,1
DA:746,1
DA:747,61
DA:750,1
DA:751,74
DA:754,1
DA:756,1
DA:760,1
DA:763,1
DA:764,1
DA:765,1
DA:768,1
DA:769,8
DA:770,8
DA:775,1
DA:776,8
DA:777,8
DA:778,8
DA:779,1
DA:780,0
DA:782,1
DA:783,8
DA:785,0
DA:786,0
DA:789,6
DA:790,0
DA:794,1
DA:795,3764
DA:798,1
DA:799,131
DA:800,131
DA:803,1
DA:804,5
DA:805,5
DA:807,2
DA:812,1
DA:813,1
DA:816,1
DA:818,1
DA:819,1
DA:820,0
DA:823,1
DA:824,0
DA:831,1
DA:832,3501
DA:833,1
DA:834,1
DA:835,0
DA:836,0
DA:837,0
DA:840,1
DA:842,1
DA:843,0
DA:844,0
DA:845,0
DA:846,0
DA:847,0
DA:849,0
DA:850,0
DA:851,0
DA:854,1
DA:858,1
DA:859,67
DA:867,1
DA:868,52
DA:870,0
DA:871,0
DA:874,1
DA:876,1
DA:877,27
DA:878,27
DA:879,27
DA:880,27
DA:881,27
DA:882,27
DA:883,27
DA:884,27
DA:885,27
DA:886,27
DA:887,27
DA:888,27
DA:890,38
DA:891,38
DA:893,36
DA:895,36
DA:900,0
DA:901,0
DA:902,0
DA:903,0
DA:904,0
DA:905,0
DA:906,0
DA:907,0
DA:909,0
DA:910,0
DA:914,36
DA:915,6
DA:917,6
DA:922,1
DA:923,1
DA:924,1
DA:925,1
DA:926,1
DA:927,1
DA:928,1
DA:929,1
DA:930,1
DA:932,1
DA:933,1
DA:934,3739
DA:937,1
DA:939,1
DA:940,8
DA:946,1
DA:947,0
DA:951,1
DA:952,426
DA:953,426
DA:959,1
DA:960,289
DA:964,1
DA:965,1
DA:966,1
DA:967,0
DA:972,1
DA:973,1
DA:974,0
DA:977,1
DA:978,1
DA:979,1
DA:980,0
DA:981,0
DA:989,1
DA:990,1
DA:991,0
DA:992,0
DA:993,0
DA:994,0
DA:997,0
DA:998,0
DA:1000,0
DA:1002,0
DA:1003,0
DA:1004,0
DA:1008,1
DA:1009,1
DA:1010,1
DA:1011,5
DA:1014,1
DA:1015,1
DA:1016,1
DA:1017,20
DA:1020,1
DA:1022,1
DA:1023,3
DA:1026,1
DA:1027,1
DA:1029,1
DA:1030,0
DA:1031,0
DA:1032,0
DA:1033,0
DA:1034,0
DA:1036,0
DA:1037,0
DA:1039,0
DA:1043,1
DA:1051,1
DA:1052,0
DA:1055,1
DA:1057,1
DA:1061,1
DA:1063,1
DA:1069,1
DA:1070,137
DA:1073,1
DA:1080,1
DA:1083,1
DA:1084,0
DA:1085,0
DA:1087,0
DA:1088,0
DA:1089,0
DA:1090,0
DA:1091,0
DA:1093,128
DA:1094,128
DA:1095,128
DA:1096,128
DA:1097,128
DA:1098,128
DA:1099,131
DA:1100,131
DA:1101,131
DA:1102,131
DA:1103,131
DA:1104,3444
DA:1105,128
DA:1111,1
DA:1113,1
DA:1115,1
DA:1116,1
DA:1119,1
DA:1121,1
DA:1132,1
DA:1135,1
DA:1136,1
DA:1137,1
DA:1138,1
DA:1139,1
DA:1140,1
DA:1141,1
DA:1143,1
DA:1144,1
DA:1145,1
DA:1146,0
DA:1149,0
DA:1153,0
DA:1158,1
DA:1160,1
DA:1162,0
DA:1163,0
DA:1164,0
DA:1168,0
DA:1170,0
DA:1172,1
DA:1184,1
DA:1185,0
DA:1186,0
DA:1188,0
DA:1192,1
DA:1193,1
DA:1194,1
DA:1195,1
DA:1199,1
DA:1205,1
DA:1206,1
DA:1207,1
DA:1211,1
DA:1212,1
DA:1213,0
DA:1216,1
DA:1217,1
DA:1218,1
DA:1223,0
DA:1226,1
DA:1228,1
DA:1229,1
DA:1230,1
DA:1235,1
DA:1236,2
DA:1237,6
DA:1238,0
DA:1243,1
DA:1244,0
DA:1245,0
DA:1253,1
DA:1254,116
DA:1255,0
DA:1257,116
DA:1258,116
DA:1259,0
DA:1262,116
DA:1263,116
DA:1270,1
DA:1271,0
DA:1274,1
DA:1275,1
DA:1276,0
DA:1277,0
DA:1278,0
DA:1280,0
DA:1281,0
DA:1282,0
DA:1285,0
DA:1286,0
DA:1288,0
DA:1292,0
DA:1308,0
DA:1309,0
DA:1314,0
DA:1316,1
DA:1317,1
DA:1318,0
DA:1319,0
DA:1323,0
DA:1346,0
DA:1349,1
DA:1350,1
DA:1351,0
DA:1353,1
DA:1358,1
DA:1359,0
DA:1363,0
DA:1366,0
DA:1370,1
DA:1371,0
DA:1373,0
DA:1374,0
DA:1375,0
DA:1378,0
DA:1379,0
DA:1380,0
DA:1385,0
DA:1388,0
DA:1389,0
DA:1391,0
DA:1392,0
DA:1393,0
DA:1394,0
DA:1395,0
DA:1396,0
DA:1397,0
DA:1401,0
DA:1404,0
DA:1406,0
DA:1407,0
DA:1408,0
DA:1409,0
DA:1412,0
DA:1414,0
DA:1415,0
DA:1418,0
DA:1420,0
DA:1421,0
DA:1424,0
DA:1428,0
DA:1429,0
DA:1432,0
DA:1437,0
DA:1438,0
DA:1441,0
DA:1442,0
DA:1452,1
DA:1453,0
DA:1454,0
DA:1457,0
DA:1459,0
DA:1460,0
DA:1463,0
DA:1464,0
DA:1465,0
DA:1467,0
DA:1470,0
DA:1474,0
DA:1475,0
DA:1479,0
DA:1482,0
DA:1484,0
DA:1485,0
DA:1486,0
DA:1487,0
DA:1488,0
DA:1491,0
DA:1493,0
DA:1494,0
DA:1495,0
DA:1496,0
DA:1497,0
DA:1500,0
DA:1503,0
DA:1506,0
DA:1514,0
DA:1515,0
DA:1516,0
DA:1521,0
DA:1526,0
DA:1527,0
DA:1532,1
DA:1534,1
DA:1541,1
DA:1542,0
DA:1545,1
DA:1546,0
DA:1549,1
DA:1550,0
DA:1552,0
DA:1553,0
DA:1556,0
DA:1557,0
DA:1558,0
DA:1561,0
DA:1564,1
DA:1565,0
DA:1566,0
DA:1567,0
DA:1568,0
DA:1571,1
DA:1575,0
DA:1576,0
DA:1577,0
DA:1580,1
DA:1581,0
DA:1582,0
DA:1583,0
DA:1585,0
DA:1589,0
DA:1590,0
DA:1591,0
DA:1592,0
DA:1593,0
DA:1594,0
DA:1595,0
DA:1602,0
DA:1603,0
DA:1607,1
DA:1608,1
DA:1609,1
DA:1610,1
DA:1611,0
DA:1614,1
DA:1615,0
DA:1618,1
DA:1619,1
DA:1620,0
DA:1621,0
DA:1622,0
DA:1623,0
DA:1624,0
DA:1628,0
DA:1629,0
DA:1631,0
DA:1634,1
DA:1639,0
DA:1641,1
DA:1643,1
DA:1644,0
DA:1647,1
DA:1651,0
DA:1652,0
DA:1655,0
DA:1656,0
DA:1657,0
DA:1659,0
DA:1660,0
DA:1662,0
DA:1664,0
DA:1665,0
DA:1667,0
DA:1670,0
DA:1677,0
DA:1679,0
DA:1680,0
DA:1681,0
DA:1682,0
DA:1685,0
DA:1689,0
DA:1690,0
DA:1693,0
DA:1694,1
DA:1695,0
DA:1696,0
DA:1697,0
DA:1699,0
DA:1702,0
DA:1703,0
DA:1706,0
DA:1709,0
DA:1710,0
DA:1711,0
DA:1713,0
DA:1717,0
DA:1720,0
DA:1721,0
DA:1722,0
DA:1724,0
DA:1725,0
DA:1726,0
DA:1727,0
DA:1728,0
DA:1731,0
DA:1732,0
DA:1733,0
DA:1736,0
DA:1737,0
DA:1738,0
DA:1742,0
DA:1749,0
DA:1750,0
DA:1751,0
DA:1754,0
DA:1755,0
DA:1759,0
DA:1766,0
DA:1769,0
DA:1770,0
DA:1771,0
DA:1773,0
DA:1774,0
DA:1775,0
DA:1776,0
DA:1779,0
DA:1783,0
DA:1784,0
DA:1787,0
DA:1789,0
DA:1790,0
DA:1791,0
DA:1792,0
DA:1793,0
DA:1794,0
DA:1795,0
DA:1798,0
DA:1802,0
DA:1803,0
DA:1804,0
DA:1805,0
DA:1806,0
DA:1807,0
DA:1813,0
DA:1814,0
DA:1815,0
DA:1816,0
DA:1817,0
DA:1818,0
DA:1819,0
DA:1821,0
DA:1827,0
DA:1831,0
DA:1837,0
DA:1840,0
DA:1843,0
DA:1850,1
DA:1856,1
DA:1860,1
DA:1864,1
DA:1867,1
DA:1869,1
DA:1871,1
DA:1873,1
DA:1876,0
DA:1877,0
DA:1879,0
DA:1883,1
DA:1887,1
DA:1888,1
DA:1889,0
DA:1890,0
DA:1891,0
DA:1892,0
DA:1893,0
DA:1894,0
DA:1895,0
DA:1901,1
DA:1903,1
DA:1905,1
DA:1907,1
DA:1908,0
DA:1909,0
DA:1910,0
DA:1911,0
DA:1912,0
DA:1913,0
DA:1914,0
DA:1917,1
DA:1918,1
DA:1924,1
DA:1925,1
DA:1926,1
DA:1929,1
DA:1931,0
DA:1932,0
DA:1933,0
DA:1934,0
DA:1935,0
DA:1936,0
DA:1937,0
DA:1938,0
DA:1941,0
DA:1942,0
DA:1943,0
DA:1944,0
DA:1945,0
DA:1946,0
DA:1947,0
DA:1950,1
DA:1951,0
DA:1952,0
DA:1953,0
DA:1954,0
DA:1955,0
DA:1957,0
DA:1958,0
DA:1959,0
DA:1962,1
DA:1963,1
DA:1965,1
DA:1966,1
DA:1968,1
DA:1969,39
DA:1973,1
DA:1976,1
DA:1978,1
DA:1980,1
DA:1981,10
DA:1984,1
DA:1988,1
DA:1991,1
DA:1993,1
DA:1994,4
DA:1995,4
DA:2001,1
DA:2002,1
DA:2004,1
DA:2005,0
DA:2006,0
DA:2007,0
DA:2008,0
DA:2009,0
DA:2012,1
DA:2022,1
DA:2023,1
DA:2024,1
DA:2025,1
DA:2026,1
DA:2028,1
DA:2030,1
DA:2031,4
DA:2032,4
DA:2033,9
DA:2034,9
DA:2035,2
DA:2036,5
DA:2037,4
DA:2039,4
DA:2040,4
DA:2041,4
DA:2042,4
DA:2043,4
DA:2044,4
DA:2045,4
DA:2046,4
DA:2047,4
DA:2049,4
DA:2050,0
DA:2051,0
DA:2053,0
DA:2055,0
DA:2059,4
DA:2060,0
DA:2061,0
DA:2064,4
DA:2065,2
DA:2068,4
DA:2069,4
DA:2070,4
DA:2071,3
DA:2076,3
DA:2077,6
DA:2078,1
DA:2080,4
DA:2083,1
DA:2084,1
DA:2087,1
DA:2088,0
DA:2089,0
DA:2092,0
DA:2093,0
DA:2094,0
DA:2095,0
DA:2096,0
DA:2097,0
DA:2098,0
DA:2101,1
DA:2103,1
DA:2104,64
DA:2107,1
DA:2117,1
DA:2118,5
DA:2119,5
DA:2120,5
DA:2123,64
DA:2124,64
DA:2125,64
DA:2126,64
DA:2127,5
DA:2128,5
DA:2130,59
DA:2131,59
DA:2132,0
DA:2136,1
DA:2138,1
DA:2139,1
DA:2140,1
DA:2142,1
DA:2144,1
DA:2150,1
DA:2151,31
DA:2152,31
DA:2153,31
DA:2154,31
DA:2155,31
DA:2160,1
DA:2162,1
DA:2165,1
DA:2166,5
DA:2167,5
DA:2171,1
DA:2172,6
DA:2173,6
DA:2182,1
DA:2183,1
DA:2184,0
DA:2185,1
DA:2190,1
DA:2191,0
DA:2192,0
DA:2195,0
DA:2196,0
DA:2197,0
DA:2203,1
DA:2204,1
DA:2206,1
DA:2207,0
DA:2210,1
DA:2212,1
DA:2213,5
DA:2218,1
DA:2219,1
DA:2220,1
DA:2221,1
DA:2222,0
DA:2223,0
DA:2224,0
DA:2225,0
DA:2226,0
DA:2228,0
DA:2229,0
DA:2230,0
DA:2231,0
DA:2232,0
DA:2233,0
DA:2236,1
DA:2237,1
DA:2243,1
DA:2244,1
DA:2245,0
DA:2246,0
DA:2247,0
DA:2251,1
DA:2252,0
DA:2253,0
DA:2254,0
DA:2256,0
DA:2258,0
DA:2260,0
DA:2262,0
DA:2264,0
DA:2267,1
DA:2268,1
DA:2269,1
DA:2270,1
DA:2271,1
DA:2272,1
DA:2273,1
DA:2274,1
DA:2275,1
DA:2276,1
DA:2277,1
DA:2278,1
DA:2279,0
DA:2281,0
DA:2282,0
DA:2283,0
DA:2284,0
DA:2287,1
DA:2288,0
DA:2291,1
DA:2292,1
DA:2293,0
DA:2294,0
DA:2295,0
DA:2296,0
DA:2298,0
DA:2300,0
DA:2301,0
DA:2303,1
DA:2304,0
DA:2307,1
DA:2308,0
DA:2309,0
DA:2312,1
DA:2313,0
DA:2314,0
DA:2317,1
DA:2318,1
DA:2319,1
DA:2320,1
DA:2321,1
DA:2324,0
DA:2325,0
DA:2326,0
DA:2328,0
DA:2330,0
DA:2331,0
DA:2332,0
DA:2333,0
DA:2334,0
DA:2339,0
DA:2340,0
DA:2344,1
DA:2349,1
DA:2350,1
DA:2351,1
DA:2352,1
DA:2353,1
DA:2355,1
DA:2356,1
DA:2358,1
DA:2359,0
DA:2360,0
DA:2361,0
DA:2362,0
DA:2363,0
DA:2364,0
DA:2365,0
DA:2367,0
DA:2368,0
DA:2369,0
DA:2371,0
DA:2372,0
DA:2376,1
DA:2377,0
DA:2378,0
DA:2381,1
DA:2382,1
DA:2383,1
DA:2384,1
DA:2385,1
DA:2386,0
DA:2389,0
DA:2390,0
DA:2391,0
DA:2392,0
DA:2401,0
DA:2403,0
DA:2407,1
DA:2408,0
DA:2409,0
DA:2410,0
DA:2411,0
DA:2412,0
DA:2413,0
DA:2417,1
DA:2421,1
DA:2422,0
DA:2423,0
DA:2424,0
DA:2425,0
DA:2426,0
DA:2428,0
DA:2429,0
DA:2432,1
DA:2433,0
DA:2436,1
DA:2440,1
DA:2441,0
DA:2442,0
DA:2444,0
DA:2448,1
DA:2449,0
DA:2450,0
DA:2451,0
DA:2452,0
DA:2453,0
DA:2454,0
DA:2457,1
DA:2458,5
DA:2459,13
DA:2460,13
DA:2461,5
DA:2464,1
DA:2469,1
DA:2471,1
DA:2472,3
DA:2473,3
DA:2475,0
DA:2479,1
DA:2480,1
DA:2482,1
DA:2483,1
DA:2484,0
DA:2489,1
DA:2490,1
DA:2491,0
DA:2492,0
DA:2493,0
DA:2494,0
DA:2495,0
DA:2496,0
DA:2497,0
DA:2499,0
DA:2502,1
DA:2513,1
DA:2514,1
DA:2518,1
DA:2519,1
DA:2520,1
DA:2521,1
DA:2522,1
DA:2523,1
DA:2524,1
DA:2525,1
DA:2526,1
DA:2527,1
DA:2528,1
DA:2530,1
DA:2531,1
DA:2533,1
DA:2534,0
DA:2535,0
DA:2538,0
DA:2543,1
DA:2544,0
DA:2545,0
DA:2547,1
DA:2548,0
DA:2549,0
DA:2550,0
DA:2551,0
DA:2552,0
DA:2553,0
DA:2554,0
DA:2555,0
DA:2556,0
DA:2557,0
DA:2558,0
DA:2559,0
DA:2560,0
DA:2561,0
DA:2562,0
DA:2563,0
DA:2564,0
DA:2565,0
DA:2567,0
DA:2569,0
DA:2570,0
DA:2571,0
DA:2573,0
DA:2574,0
DA:2575,0
DA:2576,0
DA:2577,0
DA:2578,0
DA:2580,0
DA:2583,0
DA:2584,0
DA:2585,0
DA:2586,0
DA:2589,1
DA:2590,0
DA:2591,0
DA:2592,0
DA:2593,0
DA:2594,0
DA:2595,0
DA:2596,0
DA:2597,0
DA:2598,0
DA:2599,0
DA:2600,0
DA:2601,0
DA:2605,0
DA:2606,0
DA:2607,0
DA:2610,1
DA:2611,0
DA:2612,0
DA:2613,0
DA:2614,0
DA:2615,0
DA:2616,0
DA:2617,0
DA:2618,0
DA:2620,1
DA:2621,0
DA:2622,0
DA:2623,0
DA:2624,0
DA:2625,0
DA:2626,0
DA:2630,1
DA:2631,0
DA:2632,0
DA:2633,0
DA:2634,0
DA:2635,0
DA:2636,0
DA:2637,0
DA:2638,0
DA:2640,1
DA:2641,0
DA:2642,0
DA:2643,0
DA:2644,0
DA:2645,0
DA:2646,0
DA:2647,0
DA:2648,0
DA:2649,0
DA:2650,0
DA:2651,0
DA:2652,0
DA:2654,0
DA:2658,0
DA:2659,0
DA:2660,0
DA:2663,0
DA:2668,1
DA:2670,1
DA:2671,0
DA:2672,0
DA:2673,0
DA:2674,0
DA:2675,0
DA:2677,0
DA:2681,1
DA:2682,0
DA:2683,0
DA:2684,0
DA:2685,0
DA:2686,0
DA:2687,0
DA:2688,0
DA:2690,1
DA:2693,0
DA:2694,0
DA:2695,0
DA:2696,0
DA:2697,0
DA:2698,0
DA:2699,0
DA:2700,0
DA:2704,0
DA:2707,1
DA:2708,0
DA:2709,0
DA:2710,0
DA:2711,0
DA:2713,1
DA:2714,0
DA:2720,1
DA:2721,1
DA:2722,1
DA:2723,1
DA:2726,1
DA:2729,0
DA:2730,0
DA:2731,0
DA:2732,0
DA:2735,1
DA:2738,0
DA:2741,1
DA:2742,0
DA:2746,0
DA:2747,0
DA:2748,0
DA:2749,0
DA:2750,0
DA:2751,0
DA:2752,0
DA:2753,0
DA:2754,0
DA:2755,0
DA:2756,0
DA:2757,0
DA:2758,0
DA:2759,0
DA:2760,0
DA:2761,0
DA:2762,0
DA:2763,0
DA:2766,0
DA:2768,0
DA:2769,0
DA:2773,0
DA:2774,0
DA:2775,0
DA:2776,0
DA:2777,0
DA:2778,0
DA:2781,0
DA:2782,0
DA:2787,1
DA:2794,1
DA:2795,0
DA:2796,0
DA:2797,0
DA:2799,0
DA:2802,0
DA:2807,1
DA:2813,1
DA:2814,0
DA:2815,0
DA:2816,0
DA:2817,0
DA:2820,1
DA:2822,1
DA:2823,1
DA:2826,1
DA:2828,1
DA:2831,1
DA:2835,1
DA:2837,1
DA:2839,1
DA:2840,116
DA:2841,0
DA:2842,0
DA:2843,1
DA:2844,0
DA:2845,0
DA:2846,0
DA:2848,0
DA:2849,0
DA:2852,0
DA:2853,0
DA:2855,0
DA:2856,0
DA:2858,0
DA:2863,0
DA:2869,1
DA:2875,1
DA:2876,2
DA:2877,2
DA:2878,2
DA:2879,2
DA:2886,1
DA:2887,1
DA:2888,9
DA:2892,1
DA:2894,1
DA:2895,1
DA:2898,1
DA:2900,1
DA:2902,1
DA:2906,1
DA:2908,1
DA:2909,1
DA:2912,1
DA:2914,1
DA:2915,1
DA:2918,1
DA:2919,1
DA:2920,1
DA:2921,0
DA:2923,1
DA:2924,1
DA:2926,1
DA:2927,0
DA:2932,1
DA:2934,81
DA:2935,0
DA:2937,0
DA:2939,0
DA:2941,0
DA:2943,0
DA:2945,1
DA:2946,0
DA:2948,0
DA:2950,0
DA:2952,0
DA:2954,0
DA:2957,1
DA:2958,0
DA:2959,0
DA:2961,1
DA:2970,1
DA:2971,1
DA:2972,14
DA:2973,14
DA:2980,1
DA:2981,7
DA:2982,7
DA:2983,7
DA:2984,7
DA:2985,7
DA:2986,7
DA:2987,7
DA:2988,7
DA:2989,7
DA:2994,1
DA:2995,0
DA:3000,1
DA:3002,1
DA:3003,0
DA:3006,1
DA:3012,1
DA:3013,1
DA:3015,1
DA:3018,1
DA:3019,0
DA:3020,0
DA:3022,0
DA:3026,1
DA:3027,138
DA:3030,1
DA:3034,1
DA:3036,1
DA:3037,0
DA:3038,0
DA:3039,0
DA:3040,0
DA:3042,0
DA:3045,1
DA:3049,1
DA:3056,1
DA:3075,1
DA:3076,1
DA:3077,1
DA:3078,1
DA:3079,1
DA:3080,1
DA:3081,1
DA:3082,1
DA:3083,1
DA:3084,1
DA:3085,1
DA:3086,1
DA:3087,1
DA:3088,1
DA:3089,1
DA:3090,1
DA:3092,1
DA:3095,1
DA:3096,1
DA:3097,1
DA:3100,0
DA:3101,0
DA:3102,0
DA:3103,0
DA:3106,1
DA:3107,17
DA:3108,17
DA:3109,17
DA:3112,1
DA:3113,0
DA:3115,0
DA:3118,1
DA:3119,56
DA:3120,56
DA:3121,56
DA:3122,56
DA:3123,56
DA:3124,6
DA:3125,6
DA:3126,6
DA:3128,0
DA:3129,0
DA:3130,6
DA:3131,50
DA:3133,1
DA:3134,7
DA:3135,7
DA:3136,7
DA:3137,7
DA:3138,7
DA:3139,7
DA:3140,7
DA:3142,1
DA:3143,8
DA:3145,1
DA:3146,3444
DA:3147,3444
DA:3148,3444
DA:3150,1
DA:3151,1
DA:3152,1
DA:3153,1
DA:3154,1
DA:3155,1
DA:3156,1
DA:3158,1
DA:3159,0
DA:3160,0
DA:3161,0
DA:3162,0
DA:3163,0
DA:3164,0
DA:3165,0
DA:3167,1
DA:3168,138
DA:3169,138
DA:3170,138
DA:3171,138
DA:3172,138
DA:3173,138
DA:3174,3656
DA:3175,138
DA:3179,1
DA:3180,1
DA:3181,4
DA:3182,4
DA:3183,4
DA:3184,5
DA:3185,5
DA:3186,5
DA:3188,4
DA:3189,4
DA:3191,1
DA:3192,8
DA:3195,1
DA:3196,1
DA:3197,1
DA:3198,1
DA:3199,1
DA:3201,1
DA:3202,0
DA:3205,1
DA:3206,13
DA:3210,1
DA:3212,1
DA:3215,11
DA:3217,12
DA:3219,1
DA:3222,4
DA:3228,0
DA:3229,0
DA:3231,0
DA:3232,0
DA:3235,1
DA:3251,1
DA:3252,0
DA:3256,0
DA:3259,0
DA:3260,0
DA:3261,0
DA:3262,0
DA:3263,0
DA:3264,0
DA:3265,0
DA:3266,0
DA:3267,0
DA:3268,0
DA:3270,0
DA:3271,0
DA:3276,1
DA:3278,1
DA:3280,1
DA:3282,1
DA:3284,1
DA:3286,1
DA:3288,1
DA:3290,1
DA:3291,1
DA:3294,1
DA:3296,1
DA:3299,1
DA:3303,1
DA:3307,1
DA:3309,19
DA:3311,2
DA:3313,1
DA:3314,0
DA:3316,18
DA:3320,1
DA:3326,1
DA:3327,1
DA:3328,0
DA:3332,1
DA:3334,1
DA:3335,1
DA:3338,1
DA:3340,1
DA:3343,1
DA:3345,1
DA:3346,0
DA:3347,0
DA:3352,1
DA:3354,1
DA:3357,1
DA:3361,1
DA:3363,1
DA:3365,1
DA:3366,0
DA:3367,0
DA:3370,0
DA:3374,1
DA:3380,1
DA:3381,7
DA:3382,7
DA:3384,1
DA:3387,1
DA:3388,1
DA:3389,1
DA:3390,1
DA:3391,0
DA:3392,1
DA:3393,7
DA:3394,7
DA:3395,7
DA:3396,7
DA:3404,1
DA:3406,1
DA:3408,1
DA:3409,1
DA:3412,1
DA:3415,1
DA:3417,1
DA:3418,1
DA:3419,8
DA:3422,1
DA:3423,1
DA:3426,1
DA:3428,1
DA:3431,1
DA:3435,1
DA:3439,1
DA:3443,1
DA:3445,3
DA:3447,1
DA:3448,7
DA:3449,0
DA:3452,7
DA:3460,7
DA:3464,1
DA:3467,1
DA:3469,1
DA:3470,1
DA:3471,23
DA:3474,1
DA:3475,1
DA:3478,1
DA:3480,1
DA:3483,1
DA:3487,1
DA:3489,1
DA:3491,1
DA:3492,41
DA:3493,0
DA:3500,41
DA:3503,41
DA:3507,1
DA:3509,1
DA:3510,5
DA:3511,5
DA:3512,5
DA:3515,1
DA:3517,1
DA:3518,1
DA:3521,1
DA:3523,1
DA:3524,41
DA:3525,41
DA:3528,1
DA:3529,1
DA:3539,1
DA:3541,1
DA:3543,1
DA:3545,41
DA:3546,41
DA:3547,41
DA:3549,0
DA:3550,0
DA:3554,1
DA:3556,2
DA:3557,1
DA:3558,1
DA:3559,1
DA:3560,1
DA:3561,1
DA:3562,1
DA:3563,1
DA:3565,2
DA:3569,0
DA:3570,0
DA:3571,0
DA:3572,0
DA:3574,0
DA:3575,0
DA:3580,0
DA:3581,0
DA:3582,0
DA:3583,0
DA:3584,0
DA:3585,0
DA:3586,0
DA:3587,0
DA:3588,0
DA:3589,0
DA:3590,0
DA:3591,0
DA:3592,0
DA:3597,0
DA:3598,0
DA:3599,0
DA:3600,0
DA:3601,0
DA:3603,0
DA:3609,0
DA:3612,2
DA:3614,0
DA:3617,2
DA:3620,41
DA:3621,41
DA:3623,41
DA:3624,1
DA:3627,40
DA:3635,40
DA:3636,40
DA:3637,40
DA:3639,40
DA:3640,41
DA:3646,2
DA:3647,0
DA:3648,0
DA:3649,0
DA:3651,0
DA:3652,0
DA:3653,0
DA:3655,0
DA:3657,0
DA:3659,0
DA:3660,0
DA:3663,0
DA:3664,0
DA:3665,0
DA:3669,2
DA:3673,1
DA:3675,1
DA:3676,0
DA:3677,0
DA:3678,0
DA:3680,0
DA:3681,0
DA:3682,0
DA:3683,0
DA:3685,0
DA:3691,1
DA:3692,0
DA:3707,1
DA:3708,1
DA:3709,1
DA:3710,1
DA:3711,1
DA:3712,1
DA:3713,1
DA:3714,1
DA:3715,1
DA:3716,0
DA:3717,0
DA:3718,0
DA:3719,0
DA:3720,0
DA:3721,0
DA:3722,0
DA:3723,0
DA:3724,0
DA:3725,0
DA:3726,0
DA:3727,0
DA:3728,0
DA:3729,0
DA:3730,0
DA:3731,0
DA:3732,0
DA:3733,0
DA:3736,0
DA:3740,1
DA:3751,1
DA:3752,1
DA:3755,1
DA:3756,2
DA:3757,2
DA:3758,2
DA:3759,2
DA:3760,2
DA:3761,2
DA:3762,0
DA:3765,2
DA:3766,2
DA:3767,2
DA:3769,0
DA:3770,0
DA:3771,0
DA:3772,0
DA:3774,0
DA:3775,0
DA:3776,0
DA:3777,0
DA:3778,0
DA:3779,0
DA:3780,0
DA:3783,0
DA:3785,0
DA:3790,2
DA:3792,2
DA:3793,2
DA:3795,2
DA:3797,2
DA:3800,1
DA:3803,1
DA:3806,1
DA:3807,1
DA:3811,0
DA:3812,0
DA:3816,41
DA:3820,1
DA:3821,0
DA:3822,0
DA:3823,0
DA:3829,1
DA:3830,2
DA:3831,0
DA:3832,0
DA:3839,1
DA:3841,1
DA:3845,1
DA:3846,2
DA:3847,0
DA:3848,0
DA:3849,0
DA:3850,0
DA:3855,1
DA:3857,1
DA:3864,1
DA:3865,2
DA:3866,0
DA:3867,0
DA:3868,0
DA:3869,0
DA:3870,0
DA:3871,0
DA:3872,0
DA:3873,0
DA:3874,0
DA:3875,0
DA:3876,0
DA:3877,0
DA:3880,0
DA:3882,0
DA:3887,1
DA:3889,1
DA:3891,1
DA:3892,1
DA:3895,1
DA:3897,1
DA:3899,1
DA:4050,1
DA:4058,1
DA:4059,1
DA:4060,148
DA:4061,148
DA:4065,1
DA:4084,1
DA:4085,15
DA:4086,15
DA:4087,0
DA:4090,15
DA:4091,0
DA:4094,15
DA:4095,0
DA:4098,15
DA:4099,15
DA:4100,15
DA:4101,15
DA:4102,15
DA:4103,15
DA:4107,1
DA:4108,0
DA:4109,0
DA:4110,0
DA:4111,0
DA:4112,0
DA:4113,0
DA:4114,0
DA:4115,0
DA:4116,0
DA:4118,0
DA:4119,0
DA:4120,0
DA:4121,0
DA:4122,0
DA:4123,0
DA:4124,0
DA:4125,0
DA:4128,0
DA:4130,0
DA:4131,0
DA:4134,0
DA:4136,0
DA:4137,0
DA:4138,0
DA:4139,0
DA:4141,0
DA:4144,0
DA:4147,1
DA:4148,0
DA:4149,0
DA:4150,0
DA:4151,0
DA:4152,0
DA:4153,0
DA:4154,0
DA:4155,0
DA:4156,0
DA:4158,0
DA:4159,0
DA:4161,0
DA:4164,0
DA:4165,0
DA:4166,0
DA:4167,0
DA:4168,0
DA:4169,0
DA:4170,0
DA:4171,0
DA:4174,0
[...]
BRDA:10956,1695,0,0
BRDA:10956,1695,1,0
BRDA:10956,1696,0,0
BRDA:10956,1696,1,0
BRDA:10957,1697,0,0
BRDA:10957,1697,1,0
BRDA:10965,1698,0,0
BRDA:10965,1698,1,0
BRDA:10965,1699,0,0
BRDA:10965,1699,1,0
BRDA:10965,1699,2,0
BRDA:10965,1699,3,0
BRDA:10966,1700,0,0
BRDA:10966,1700,1,0
BRDA:10976,1701,0,0
BRDA:10976,1701,1,0
BRDA:10976,1702,0,0
BRDA:10976,1702,1,0
BRDA:10976,1702,2,0
BRDA:10976,1702,3,0
BRDA:10977,1703,0,0
BRDA:10977,1703,1,0
BRDA:10989,1704,0,0
BRDA:10989,1704,1,0
BRDA:11002,1705,0,0
BRDA:11002,1705,1,0
BRDA:11002,1706,0,0
BRDA:11002,1706,1,0
BRDA:11013,1707,0,0
BRDA:11013,1707,1,0
BRDA:11014,1708,0,0
BRDA:11014,1708,1,0
BRDA:11016,1709,0,0
BRDA:11016,1709,1,0
BRDA:11016,1710,0,0
BRDA:11016,1710,1,0
BRDA:11023,1711,0,0
BRDA:11023,1711,1,0
BRDA:11024,1712,0,0
BRDA:11024,1712,1,0
BRDA:11024,1713,0,0
BRDA:11024,1713,1,0
BRDA:11029,1714,0,0
BRDA:11029,1714,1,0
BRDA:11033,1715,0,0
BRDA:11033,1715,1,0
BRDA:11034,1716,0,0
BRDA:11034,1716,1,0
BRDA:11034,1717,0,0
BRDA:11034,1717,1,0
BRDA:11046,1718,0,0
BRDA:11046,1718,1,0
BRDA:11049,1719,0,0
BRDA:11049,1719,1,0
BRDA:11059,1720,0,0
BRDA:11059,1720,1,0
BRDA:11059,1721,0,0
BRDA:11059,1721,1,0
BRDA:11059,1721,2,0
BRDA:11061,1722,0,0
BRDA:11061,1722,1,0
BRDA:11061,1723,0,0
BRDA:11061,1723,1,0
BRDA:11064,1724,0,0
BRDA:11064,1724,1,0
BRDA:11064,1725,0,0
BRDA:11064,1725,1,0
BRDA:11064,1725,2,0
BRDA:11077,1726,0,0
BRDA:11077,1726,1,0
BRDA:11079,1727,0,0
BRDA:11079,1727,1,0
BRDA:11082,1728,0,0
BRDA:11082,1728,1,0
BRDA:11083,1729,0,0
BRDA:11083,1729,1,0
BRDA:11088,1730,0,0
BRDA:11088,1730,1,0
BRDA:11089,1731,0,0
BRDA:11089,1731,1,0
BRDA:11089,1732,0,0
BRDA:11089,1732,1,0
BRDA:11102,1733,0,0
BRDA:11102,1733,1,0
BRDA:11103,1734,0,0
BRDA:11103,1734,1,0
BRDA:11103,1735,0,0
BRDA:11103,1735,1,0
BRDA:11104,1736,0,0
BRDA:11104,1736,1,0
BRDA:11113,1737,0,0
BRDA:11113,1737,1,0
BRDA:11113,1738,0,0
BRDA:11113,1738,1,0
BRDA:11113,1738,2,0
BRDA:11114,1739,0,0
BRDA:11114,1739,1,0
BRDA:11114,1739,2,0
BRDA:11123,1740,0,0
BRDA:11123,1740,1,0
BRDA:11134,1741,0,0
BRDA:11134,1741,1,0
BRDA:11142,1742,0,0
BRDA:11142,1742,1,0
BRDA:11143,1743,0,0
BRDA:11143,1743,1,0
BRDA:11143,1744,0,0
BRDA:11143,1744,1,0
BRDA:11155,1745,0,0
BRDA:11155,1745,1,0
BRDA:11155,1745,2,0
BRDA:11155,1745,3,0
BRDA:11155,1745,4,0
BRDA:11155,1745,5,0
BRDA:11155,1745,6,0
BRDA:11204,1746,0,0
BRDA:11204,1746,1,0
BRDA:11228,1747,0,0
BRDA:11228,1747,1,0
BRDA:11228,1748,0,0
BRDA:11228,1748,1,0
BRDA:11232,1749,0,0
BRDA:11232,1749,1,0
BRDA:11263,1750,0,0
BRDA:11263,1750,1,0
BRDA:11267,1751,0,0
BRDA:11267,1751,1,0
BRDA:11272,1752,0,0
BRDA:11272,1752,1,0
BRDA:11278,1753,0,0
BRDA:11278,1753,1,0
BRDA:11281,1754,0,0
BRDA:11281,1754,1,0
BRDA:11284,1755,0,0
BRDA:11284,1755,1,0
BRDA:11287,1756,0,0
BRDA:11287,1756,1,0
BRDA:11287,1757,0,0
BRDA:11287,1757,1,0
BRDA:11377,1758,0,0
BRDA:11377,1758,1,0
BRDA:11394,1759,0,0
BRDA:11394,1759,1,0
BRDA:11398,1760,0,0
BRDA:11398,1760,1,0
BRDA:11403,1761,0,0
BRDA:11403,1761,1,0
BRDA:11404,1762,0,0
BRDA:11404,1762,1,0
BRDA:11406,1763,0,0
BRDA:11406,1763,1,0
BRDA:11413,1764,0,0
BRDA:11413,1764,1,0
BRDA:11418,1765,0,0
BRDA:11418,1765,1,0
BRDA:11422,1766,0,0
BRDA:11422,1766,1,0
BRDA:11425,1767,0,0
BRDA:11425,1767,1,0
BRDA:11425,1767,2,0
BRDA:11425,1767,3,0
BRDA:11425,1767,4,0
BRDA:11425,1767,5,0
BRDA:11425,1767,6,0
BRDA:11425,1767,7,0
BRDA:11425,1767,8,0
BRDA:11442,1768,0,0
BRDA:11442,1768,1,0
BRDA:11450,1769,0,0
BRDA:11450,1769,1,0
BRDA:11455,1770,0,0
BRDA:11455,1770,1,0
BRDA:11461,1771,0,0
BRDA:11461,1771,1,0
BRDA:11465,1772,0,0
BRDA:11465,1772,1,0
BRDA:11466,1773,0,0
BRDA:11466,1773,1,0
BRDA:11469,1774,0,0
BRDA:11469,1774,1,0
BRDA:11469,1775,0,0
BRDA:11469,1775,1,0
BRDA:11474,1776,0,0
BRDA:11474,1776,1,0
BRDA:11479,1777,0,0
BRDA:11479,1777,1,0
BRDA:11479,1778,0,0
BRDA:11479,1778,1,0
BRDA:11490,1779,0,0
BRDA:11490,1779,1,0
BRDA:11491,1780,0,0
BRDA:11491,1780,1,0
BRDA:11500,1781,0,0
BRDA:11500,1781,1,0
BRDA:11502,1782,0,0
BRDA:11502,1782,1,0
BRDA:11503,1783,0,0
BRDA:11503,1783,1,0
BRDA:11503,1784,0,0
BRDA:11503,1784,1,0
BRDA:11504,1785,0,0
BRDA:11504,1785,1,0
BRDA:11508,1786,0,0
BRDA:11508,1786,1,0
BRDA:11519,1787,0,0
BRDA:11519,1787,1,0
BRDA:11524,1788,0,0
BRDA:11524,1788,1,0
BRDA:11530,1789,0,0
BRDA:11530,1789,1,0
BRDA:11544,1790,0,0
BRDA:11544,1790,1,0
BRDA:11549,1791,0,0
BRDA:11549,1791,1,0
BRDA:11549,1792,0,0
BRDA:11549,1792,1,0
BRDA:11571,1793,0,0
BRDA:11571,1793,1,0
BRDA:11574,1794,0,0
BRDA:11574,1794,1,0
BRDA:11577,1795,0,0
BRDA:11577,1795,1,0
BRDA:11580,1796,0,0
BRDA:11580,1796,1,0
BRDA:11598,1797,0,0
BRDA:11598,1797,1,0
BRDA:11622,1798,0,0
BRDA:11622,1798,1,0
BRDA:11639,1799,0,0
BRDA:11639,1799,1,0
BRDA:11665,1800,0,0
BRDA:11665,1800,1,0
BRDA:11718,1801,0,0
BRDA:11718,1801,1,0
BRDA:11738,1802,0,0
BRDA:11738,1802,1,0
BRDA:11739,1803,0,0
BRDA:11739,1803,1,0
BRDA:11748,1804,0,0
BRDA:11748,1804,1,0
BRDA:11763,1805,0,0
BRDA:11763,1805,1,0
BRDA:11804,1806,0,0
BRDA:11804,1806,1,0
BRDA:11809,1807,0,0
BRDA:11809,1807,1,0
BRDA:11813,1808,0,0
BRDA:11813,1808,1,0
BRDA:11830,1809,0,0
BRDA:11830,1809,1,0
BRDA:11830,1810,0,0
BRDA:11830,1810,1,0
BRDA:11835,1811,0,0
BRDA:11835,1811,1,0
BRDA:11838,1812,0,0
BRDA:11838,1812,1,0
BRDA:11840,1813,0,0
BRDA:11840,1813,1,0
BRDA:11841,1814,0,0
BRDA:11841,1814,1,0
BRDA:11842,1815,0,0
BRDA:11842,1815,1,0
BRDA:11844,1816,0,0
BRDA:11844,1816,1,0
BRDA:11850,1817,0,0
BRDA:11850,1817,1,0
BRDA:11852,1818,0,0
BRDA:11852,1818,1,0
BRDA:11862,1819,0,0
BRDA:11862,1819,1,0
BRDA:11863,1820,0,0
BRDA:11863,1820,1,0
BRDA:11867,1821,0,0
BRDA:11867,1821,1,0
BRDA:11869,1822,0,0
BRDA:11869,1822,1,0
BRDA:11870,1823,0,0
BRDA:11870,1823,1,0
BRDA:11878,1824,0,0
BRDA:11878,1824,1,0
BRDA:11880,1825,0,0
BRDA:11880,1825,1,0
BRDA:11881,1826,0,0
BRDA:11881,1826,1,0
BRDA:11890,1827,0,0
BRDA:11890,1827,1,0
BRDA:11892,1828,0,0
BRDA:11892,1828,1,0
BRDA:11892,1829,0,0
BRDA:11892,1829,1,0
BRDA:11922,1830,0,0
BRDA:11922,1830,1,0
BRDA:11938,1831,0,0
BRDA:11938,1831,1,0
BRDA:11985,1832,0,0
BRDA:11985,1832,1,0
BRDA:11994,1833,0,0
BRDA:11994,1833,1,0
BRDA:12007,1834,0,0
BRDA:12007,1834,1,0
BRDA:12011,1835,0,0
BRDA:12011,1835,1,0
BRDA:12021,1836,0,0
BRDA:12021,1836,1,0
BRDA:12042,1837,0,0
BRDA:12042,1837,1,0
BRDA:12062,1838,0,0
BRDA:12062,1838,1,0
BRDA:12064,1839,0,0
BRDA:12064,1839,1,0
BRDA:12064,1839,2,0
BRDA:12064,1839,3,0
BRDA:12064,1839,4,0
BRDA:12064,1839,5,0
BRDA:12066,1840,0,0
BRDA:12066,1840,1,0
BRDA:12072,1841,0,0
BRDA:12072,1841,1,0
BRDA:12113,1842,0,0
BRDA:12113,1842,1,0
BRDA:12114,1843,0,0
BRDA:12114,1843,1,0
BRDA:12116,1844,0,0
BRDA:12116,1844,1,0
BRDA:12132,1845,0,0
BRDA:12132,1845,1,0
BRDA:12132,1845,2,0
BRDA:12141,1846,0,0
BRDA:12141,1846,1,0
BRDA:12152,1847,0,0
BRDA:12152,1847,1,0
BRDA:12152,1847,2,0
BRDA:12152,1847,3,0
BRDA:12165,1848,0,0
BRDA:12165,1848,1,0
BRDA:12169,1849,0,0
BRDA:12169,1849,1,0
BRDA:12185,1850,0,0
BRDA:12185,1850,1,0
BRDA:12185,1850,2,0
BRDA:12185,1850,3,0
BRDA:12200,1851,0,0
BRDA:12200,1851,1,0
BRDA:12220,1852,0,0
BRDA:12220,1852,1,0
BRDA:12239,1853,0,0
BRDA:12239,1853,1,0
BRDA:12245,1854,0,0
BRDA:12245,1854,1,0
BRDA:12250,1855,0,0
BRDA:12250,1855,1,0
BRDA:12250,1856,0,0
BRDA:12250,1856,1,0
BRDA:12255,1857,0,0
BRDA:12255,1857,1,0
BRDA:12257,1858,0,0
BRDA:12257,1858,1,0
BRDA:12259,1859,0,0
BRDA:12259,1859,1,0
BRDA:12292,1860,0,0
BRDA:12292,1860,1,0
BRDA:12300,1861,0,0
BRDA:12300,1861,1,0
BRDA:12302,1862,0,0
BRDA:12302,1862,1,0
BRDA:12309,1863,0,0
BRDA:12309,1863,1,0
BRDA:12311,1864,0,0
BRDA:12311,1864,1,0
BRDA:12316,1865,0,0
BRDA:12316,1865,1,0
BRDA:12319,1866,0,0
BRDA:12319,1866,1,0
BRDA:12326,1867,0,0
BRDA:12326,1867,1,0
BRDA:12338,1868,0,0
BRDA:12338,1868,1,0
BRDA:12338,1869,0,0
BRDA:12338,1869,1,0
BRDA:12342,1870,0,0
BRDA:12342,1870,1,0
BRDA:12379,1871,0,0
BRDA:12379,1871,1,0
BRDA:12399,1872,0,0
BRDA:12399,1872,1,0
BRDA:12400,1873,0,0
BRDA:12400,1873,1,0
BRDA:12401,1874,0,0
BRDA:12401,1874,1,0
BRDA:12401,1875,0,0
BRDA:12401,1875,1,0
BRDA:12402,1876,0,0
BRDA:12402,1876,1,0
BRDA:12403,1877,0,0
BRDA:12403,1877,1,0
BRDA:12406,1878,0,0
BRDA:12406,1878,1,0
BRDA:12406,1879,0,0
BRDA:12406,1879,1,0
BRDA:12407,1880,0,0
BRDA:12407,1880,1,0
BRDA:12413,1881,0,0
BRDA:12413,1881,1,0
BRDA:12413,1882,0,0
BRDA:12413,1882,1,0
BRDA:12419,1883,0,0
BRDA:12419,1883,1,0
BRDA:12424,1884,0,0
BRDA:12424,1884,1,0
BRDA:12437,1885,0,0
BRDA:12437,1885,1,0
BRDA:12438,1886,0,0
BRDA:12438,1886,1,0
BRDA:12439,1887,0,0
BRDA:12439,1887,1,0
BRDA:12443,1888,0,0
BRDA:12443,1888,1,0
BRDA:12457,1889,0,0
BRDA:12457,1889,1,0
BRDA:12460,1890,0,0
BRDA:12460,1890,1,0
BRDA:12460,1891,0,0
BRDA:12460,1891,1,0
BRDA:12475,1892,0,0
BRDA:12475,1892,1,0
BRDA:12485,1893,0,0
BRDA:12485,1893,1,0
BRDA:12485,1893,2,0
BRDA:12486,1894,0,0
BRDA:12486,1894,1,0
BRDA:12515,1895,0,0
BRDA:12515,1895,1,0
BRDA:12515,1895,2,0
BRDA:12530,1896,0,0
BRDA:12530,1896,1,0
BRDA:12530,1897,0,0
BRDA:12530,1897,1,0
BRDA:12531,1898,0,0
BRDA:12531,1898,1,0
BRDA:12531,1899,0,0
BRDA:12531,1899,1,0
BRDA:12531,1899,2,0
BRDA:12531,1899,3,0
BRDA:12536,1900,0,0
BRDA:12536,1900,1,0
BRDA:12536,1901,0,0
BRDA:12536,1901,1,0
BRDA:12536,1901,2,0
BRDA:12578,1902,0,0
BRDA:12578,1902,1,0
BRDA:12578,1903,0,0
BRDA:12578,1903,1,0
BRDA:12579,1904,0,0
BRDA:12579,1904,1,0
BRDA:12582,1905,0,0
BRDA:12582,1905,1,0
BRDA:12586,1906,0,0
BRDA:12586,1906,1,0
BRDA:12587,1907,0,0
BRDA:12587,1907,1,0
BRDA:12588,1908,0,0
BRDA:12588,1908,1,0
BRDA:12596,1909,0,0
BRDA:12596,1909,1,0
BRDA:12596,1910,0,0
BRDA:12596,1910,1,0
BRDA:12621,1911,0,1
BRDA:12621,1911,1,1
BRDA:12652,1912,0,0
BRDA:12652,1912,1,0
BRDA:12664,1913,0,0
BRDA:12664,1913,1,0
BRDA:12667,1914,0,0
BRDA:12667,1914,1,0
BRDA:12697,1915,0,0
BRDA:12697,1915,1,0
BRDA:12697,1916,0,0
BRDA:12697,1916,1,0
BRDA:12714,1917,0,0
BRDA:12714,1917,1,0
BRDA:12726,1918,0,0
BRDA:12726,1918,1,0
BRDA:12737,1919,0,0
BRDA:12737,1919,1,0
BRDA:12737,1920,0,0
BRDA:12737,1920,1,0
BRDA:12738,1921,0,0
BRDA:12738,1921,1,0
BRDA:12738,1922,0,0
BRDA:12738,1922,1,0
BRDA:12738,1922,2,0
BRDA:12738,1922,3,0
BRDA:12741,1923,0,0
BRDA:12741,1923,1,0
BRDA:12741,1924,0,0
BRDA:12741,1924,1,0
BRDA:12742,1925,0,0
BRDA:12742,1925,1,0
BRDA:12778,1926,0,10
BRDA:12778,1926,1,10
BRDA:12821,1927,0,1
BRDA:12821,1927,1,1
BRDA:12836,1928,0,1
BRDA:12836,1928,1,1
BRDA:12851,1929,0,0
BRDA:12851,1929,1,0
BRDA:12854,1930,0,0
BRDA:12854,1930,1,0
BRDA:12868,1931,0,0
BRDA:12868,1931,1,0
BRDA:12878,1932,0,0
BRDA:12878,1932,1,0
BRDA:12891,1933,0,0
BRDA:12891,1933,1,0
BRDA:12906,1934,0,0
BRDA:12906,1934,1,0
BRDA:12906,1935,0,0
BRDA:12906,1935,1,0
BRDA:12912,1936,0,0
BRDA:12912,1936,1,0
BRDA:12912,1937,0,0
BRDA:12912,1937,1,0
BRDA:12912,1937,2,0
BRDA:12927,1938,0,0
BRDA:12927,1938,1,0
BRDA:12937,1939,0,0
BRDA:12937,1939,1,0
BRDA:12939,1940,0,0
BRDA:12939,1940,1,0
BRDA:12949,1941,0,0
BRDA:12949,1941,1,0
BRDA:12969,1942,0,0
BRDA:12969,1942,1,0
BRDA:12970,1943,0,0
BRDA:12970,1943,1,0
BRDA:12970,1944,0,0
BRDA:12970,1944,1,0
BRDA:12970,1944,2,0
BRDA:12991,1945,0,0
BRDA:12991,1945,1,0
BRDA:12992,1946,0,0
BRDA:12992,1946,1,0
BRDA:12995,1947,0,0
BRDA:12995,1947,1,0
BRDA:13065,1948,0,0
BRDA:13065,1948,1,0
BRDA:13069,1949,0,0
BRDA:13069,1949,1,0
BRDA:13072,1950,0,0
BRDA:13072,1950,1,0
BRDA:13080,1951,0,0
BRDA:13080,1951,1,0
BRDA:13080,1952,0,0
BRDA:13080,1952,1,0
BRDA:13084,1953,0,0
BRDA:13084,1953,1,0
BRDA:13092,1954,0,0
BRDA:13092,1954,1,0
BRDA:13106,1955,0,0
BRDA:13106,1955,1,0
BRDA:13106,1956,0,0
BRDA:13106,1956,1,0
BRDA:13106,1956,2,0
BRDA:13111,1957,0,0
BRDA:13111,1957,1,0
BRDA:13111,1958,0,0
BRDA:13111,1958,1,0
BRDA:13111,1958,2,0
BRDA:13117,1959,0,0
BRDA:13117,1959,1,0
BRDA:13122,1960,0,0
BRDA:13122,1960,1,0
BRDA:13127,1961,0,0
BRDA:13127,1961,1,0
BRDA:13127,1962,0,0
BRDA:13127,1962,1,0
BRDA:13137,1963,0,0
BRDA:13137,1963,1,0
BRDA:13144,1964,0,0
BRDA:13144,1964,1,0
BRDA:13151,1965,0,0
BRDA:13151,1965,1,0
BRDA:13160,1966,0,0
BRDA:13160,1966,1,0
BRDA:13161,1967,0,0
BRDA:13161,1967,1,0
BRDA:13168,1968,0,0
BRDA:13168,1968,1,0
BRDA:13172,1969,0,0
BRDA:13172,1969,1,0
BRDA:13172,1970,0,0
BRDA:13172,1970,1,0
BRDA:13180,1971,0,0
BRDA:13180,1971,1,0
BRDA:13188,1972,0,0
BRDA:13188,1972,1,0
BRDA:13190,1973,0,0
BRDA:13190,1973,1,0
BRDA:13195,1974,0,0
BRDA:13195,1974,1,0
BRDA:13195,1975,0,0
BRDA:13195,1975,1,0
BRDA:13213,1976,0,0
BRDA:13213,1976,1,0
BRDA:13239,1977,0,0
BRDA:13239,1977,1,0
BRDA:13240,1978,0,0
BRDA:13240,1978,1,0
BRDA:13242,1979,0,0
BRDA:13242,1979,1,0
BRDA:13267,1980,0,0
BRDA:13267,1980,1,0
BRDA:13268,1981,0,0
BRDA:13268,1981,1,0
BRDA:13286,1982,0,0
BRDA:13286,1982,1,0
BRDA:13304,1983,0,0
BRDA:13304,1983,1,0
BRDA:13333,1984,0,0
BRDA:13333,1984,1,0
BRDA:13337,1985,0,0
BRDA:13337,1985,1,0
BRDA:13364,1986,0,0
BRDA:13364,1986,1,0
BRDA:13364,1987,0,0
BRDA:13364,1987,1,0
BRDA:13365,1988,0,0
BRDA:13365,1988,1,0
BRDA:13367,1989,0,0
BRDA:13367,1989,1,0
BRDA:13371,1990,0,0
BRDA:13371,1990,1,0
BRDA:13380,1991,0,0
BRDA:13380,1991,1,0
BRDA:13380,1992,0,0
BRDA:13380,1992,1,0
BRDA:13403,1993,0,0
BRDA:13403,1993,1,0
BRDA:13403,1994,0,0
BRDA:13403,1994,1,0
BRDA:13408,1995,0,0
BRDA:13408,1995,1,0
BRDA:13410,1996,0,0
BRDA:13410,1996,1,0
BRDA:13413,1997,0,0
BRDA:13413,1997,1,0
BRDA:13415,1998,0,0
BRDA:13415,1998,1,0
BRDA:13421,1999,0,0
BRDA:13421,1999,1,0
BRDA:13434,2000,0,0
BRDA:13434,2000,1,0
BRDA:13438,2001,0,0
BRDA:13438,2001,1,0
BRDA:13439,2002,0,0
BRDA:13439,2002,1,0
BRDA:13443,2003,0,0
BRDA:13443,2003,1,0
BRDA:13443,2004,0,0
BRDA:13443,2004,1,0
BRDA:13449,2005,0,0
BRDA:13449,2005,1,0
BRDA:13452,2006,0,0
BRDA:13452,2006,1,0
BRDA:13452,2007,0,0
BRDA:13452,2007,1,0
BRDA:13458,2008,0,0
BRDA:13458,2008,1,0
BRDA:13480,2009,0,0
BRDA:13480,2009,1,0
BRDA:13480,2010,0,0
BRDA:13480,2010,1,0
BRDA:13492,2011,0,0
BRDA:13492,2011,1,0
BRDA:13499,2012,0,0
BRDA:13499,2012,1,0
BRDA:13526,2013,0,0
BRDA:13526,2013,1,0
BRDA:13531,2014,0,0
BRDA:13531,2014,1,0
BRDA:13543,2015,0,0
BRDA:13543,2015,1,0
BRDA:13547,2016,0,0
BRDA:13547,2016,1,0
BRDA:13551,2017,0,0
BRDA:13551,2017,1,0
BRDA:13551,2018,0,0
BRDA:13551,2018,1,0
BRDA:13568,2019,0,0
BRDA:13568,2019,1,0
BRDA:13568,2020,0,0
BRDA:13568,2020,1,0
BRDA:13578,2021,0,0
BRDA:13578,2021,1,0
BRDA:13595,2022,0,0
BRDA:13595,2022,1,0
BRDA:13603,2023,0,0
BRDA:13603,2023,1,0
BRDA:13603,2024,0,0
BRDA:13603,2024,1,0
BRDA:13621,2025,0,0
BRDA:13621,2025,1,0
BRDA:13625,2026,0,0
BRDA:13625,2026,1,0
BRDA:13631,2027,0,0
BRDA:13631,2027,1,0
BRDA:13639,2028,0,0
BRDA:13639,2028,1,0
BRDA:13646,2029,0,0
BRDA:13646,2029,1,0
BRDA:13646,2030,0,0
BRDA:13646,2030,1,0
BRDA:13670,2031,0,0
BRDA:13670,2031,1,0
BRDA:13671,2032,0,0
BRDA:13671,2032,1,0
BRDA:13672,2033,0,0
BRDA:13672,2033,1,0
BRDA:13672,2034,0,0
BRDA:13672,2034,1,0
BRDA:13679,2035,0,0
BRDA:13679,2035,1,0
BRDA:13689,2036,0,0
BRDA:13689,2036,1,0
BRDA:13706,2037,0,0
BRDA:13706,2037,1,0
BRDA:13706,2038,0,0
BRDA:13706,2038,1,0
BRDA:13707,2039,0,0
BRDA:13707,2039,1,0
BRDA:13707,2040,0,0
BRDA:13707,2040,1,0
BRDA:13709,2041,0,0
BRDA:13709,2041,1,0
BRDA:13709,2042,0,0
BRDA:13709,2042,1,0
BRDA:13726,2043,0,0
BRDA:13726,2043,1,0
BRDA:13778,2044,0,0
BRDA:13778,2044,1,0
BRDA:13778,2045,0,0
BRDA:13778,2045,1,0
BRDA:13795,2046,0,0
BRDA:13795,2046,1,4
BRDA:13795,2047,0,4
BRDA:13795,2047,1,4
BRDA:13812,2048,0,0
BRDA:13812,2048,1,0
BRDA:13820,2049,0,0
BRDA:13820,2049,1,0
BRDA:13828,2050,0,0
BRDA:13828,2050,1,0
BRDA:13828,2051,0,0
BRDA:13828,2051,1,0
BRDA:13834,2052,0,0
BRDA:13834,2052,1,0
BRDA:13834,2053,0,0
BRDA:13834,2053,1,0
BRDA:13835,2054,0,0
BRDA:13835,2054,1,0
BRDA:13840,2055,0,0
BRDA:13840,2055,1,0
BRDA:13843,2056,0,0
BRDA:13843,2056,1,0
BRDA:13851,2057,0,0
BRDA:13851,2057,1,0
BRDA:13851,2058,0,0
BRDA:13851,2058,1,0
BRDA:13853,2059,0,0
BRDA:13853,2059,1,0
BRDA:13853,2060,0,0
BRDA:13853,2060,1,0
BRDA:13866,2061,0,0
BRDA:13866,2061,1,0
BRDA:13869,2062,0,0
BRDA:13869,2062,1,0
BRDA:13873,2063,0,0
BRDA:13873,2063,1,0
BRDA:13877,2064,0,0
BRDA:13877,2064,1,0
BRDA:13884,2065,0,0
BRDA:13884,2065,1,0
BRDA:13890,2066,0,0
BRDA:13890,2066,1,0
BRDA:13890,2067,0,0
BRDA:13890,2067,1,0
BRDA:13890,2067,2,0
BRDA:13890,2067,3,0
BRDA:13898,2068,0,0
BRDA:13898,2068,1,0
BRDA:13913,2069,0,0
BRDA:13913,2069,1,0
BRDA:13921,2070,0,0
BRDA:13921,2070,1,0
BRDA:13927,2071,0,0
BRDA:13927,2071,1,0
BRDA:13937,2072,0,0
BRDA:13937,2072,1,0
BRDA:13942,2073,0,0
BRDA:13942,2073,1,0
BRDA:13943,2074,0,0
BRDA:13943,2074,1,0
BRDA:13946,2075,0,0
BRDA:13946,2075,1,0
BRDA:13973,2076,0,0
BRDA:13973,2076,1,0
BRDA:13983,2077,0,0
BRDA:13983,2077,1,0
BRDA:13987,2078,0,0
BRDA:13987,2078,1,0
BRDA:13989,2079,0,0
BRDA:13989,2079,1,0
BRDA:13991,2080,0,0
BRDA:13991,2080,1,0
BRDA:13991,2081,0,0
BRDA:13991,2081,1,0
BRDA:13991,2082,0,0
BRDA:13991,2082,1,0
BRDA:13993,2083,0,0
BRDA:13993,2083,1,0
BRDA:13996,2084,0,0
BRDA:13996,2084,1,0
BRDA:14015,2085,0,0
BRDA:14015,2085,1,0
BRDA:14015,2086,0,0
BRDA:14015,2086,1,0
BRDA:14015,2086,2,0
BRDA:14019,2087,0,0
BRDA:14019,2087,1,0
BRDA:14020,2088,0,0
BRDA:14020,2088,1,0
BRDA:14030,2089,0,0
BRDA:14030,2089,1,0
BRDA:14030,2090,0,0
BRDA:14030,2090,1,0
BRDA:14030,2090,2,0
BRDA:14035,2091,0,0
BRDA:14035,2091,1,0
BRDA:14045,2092,0,0
BRDA:14045,2092,1,0
BRDA:14046,2093,0,0
BRDA:14046,2093,1,0
BRDA:14056,2094,0,0
BRDA:14056,2094,1,0
BRDA:14081,2095,0,1
BRDA:14081,2095,1,0
BRDA:14081,2096,0,1
BRDA:14081,2096,1,1
BRDA:14087,2097,0,19
BRDA:14087,2097,1,19
BRDA:14089,2098,0,19
BRDA:14089,2098,1,0
BRDA:14095,2099,0,6
BRDA:14095,2099,1,0
BRDA:14096,2100,0,0
BRDA:14096,2100,1,6
BRDA:14127,2101,0,0
BRDA:14127,2101,1,0
BRDA:14129,2102,0,0
BRDA:14129,2102,1,0
BRDA:14139,2103,0,0
BRDA:14139,2103,1,0
BRDA:14140,2104,0,0
BRDA:14140,2104,1,0
BRDA:14143,2105,0,0
BRDA:14143,2105,1,0
BRDA:14144,2106,0,0
BRDA:14144,2106,1,0
BRDA:14147,2107,0,0
BRDA:14147,2107,1,0
BRDA:14148,2108,0,0
BRDA:14148,2108,1,0
BRDA:14151,2109,0,0
BRDA:14151,2109,1,0
BRDA:14152,2110,0,0
BRDA:14152,2110,1,0
BRDA:14155,2111,0,0
BRDA:14155,2111,1,0
BRDA:14169,2112,0,0
BRDA:14169,2112,1,0
BRDA:14173,2113,0,0
BRDA:14173,2113,1,0
BRDA:14177,2114,0,0
BRDA:14177,2114,1,0
BRDA:14181,2115,0,0
BRDA:14181,2115,1,0
BRDA:14185,2116,0,0
BRDA:14185,2116,1,0
BRDA:14207,2117,0,0
BRDA:14207,2117,1,0
BRDA:14213,2118,0,0
BRDA:14213,2118,1,0
BRDA:14239,2119,0,0
BRDA:14239,2119,1,0
BRDA:14248,2120,0,0
BRDA:14248,2120,1,0
BRDA:14252,2121,0,0
BRDA:14252,2121,1,0
BRDA:14252,2121,2,0
BRDA:14279,2122,0,0
BRDA:14279,2122,1,0
BRDA:14288,2123,0,0
BRDA:14288,2123,1,0
BRDA:14293,2124,0,0
BRDA:14293,2124,1,0
BRDA:14293,2125,0,0
BRDA:14293,2125,1,0
BRDA:14321,2126,0,0
BRDA:14321,2126,1,0
BRDA:14323,2127,0,0
BRDA:14323,2127,1,0
BRDA:14356,2128,0,0
BRDA:14356,2128,1,0
BRDA:14358,2129,0,0
BRDA:14358,2129,1,0
BRDA:14358,2130,0,0
BRDA:14358,2130,1,0
BRDA:14420,2131,0,1
BRDA:14420,2131,1,0
BRDA:14481,2132,0,0
BRDA:14481,2132,1,0
BRDA:14481,2133,0,0
BRDA:14481,2133,1,0
BRDA:14485,2134,0,0
BRDA:14485,2134,1,0
BRDA:14492,2135,0,0
BRDA:14492,2135,1,0
BRDA:14492,2136,0,0
BRDA:14492,2136,1,0
BRDA:14527,2137,0,0
BRDA:14527,2137,1,0
BRDA:14534,2138,0,0
BRDA:14534,2138,1,0
BRDA:14534,2138,2,0
BRDA:14534,2138,3,0
BRDA:14534,2139,0,0
BRDA:14534,2139,1,0
BRDA:14538,2140,0,0
BRDA:14538,2140,1,1
BRDA:14538,2141,0,1
BRDA:14538,2141,1,0
BRDA:14564,2142,0,0
BRDA:14564,2142,1,0
BRDA:14564,2142,2,0
BRDA:14576,2143,0,0
BRDA:14576,2143,1,0
BRDA:14576,2143,2,0
BRDA:14576,2143,3,0
BRDA:14576,2143,4,0
BRDA:14576,2143,5,0
BRDA:14576,2143,6,0
BRDA:14578,2144,0,0
BRDA:14578,2144,1,0
BRDA:14580,2145,0,0
BRDA:14580,2145,1,0
BRDA:14624,2146,0,0
BRDA:14624,2146,1,0
BRDA:14624,2146,2,0
BRDA:14624,2146,3,0
BRDA:14624,2146,4,0
BRDA:14624,2146,5,0
BRDA:14624,2146,6,0
BRDA:14626,2147,0,0
BRDA:14626,2147,1,0
BRDA:14628,2148,0,0
BRDA:14628,2148,1,0
BRDA:14688,2149,0,0
BRDA:14688,2149,1,0
BRDA:14691,2150,0,0
BRDA:14691,2150,1,0
BRDA:14702,2151,0,0
BRDA:14702,2151,1,1
BRDA:14702,2152,0,1
BRDA:14702,2152,1,1
BRDA:14702,2152,2,1
BRDA:14702,2152,3,0
BRDA:14712,2153,0,0
BRDA:14712,2153,1,0
BRDA:14716,2154,0,0
BRDA:14716,2154,1,0
BRDA:14737,2155,0,0
BRDA:14737,2155,1,1
BRDA:14737,2156,0,1
BRDA:14737,2156,1,1
BRDA:14737,2156,2,1
BRDA:14737,2156,3,1
BRDA:14737,2156,4,1
BRDA:14737,2157,0,0
BRDA:14737,2157,1,1
BRDA:14772,2158,0,1
BRDA:14772,2158,1,0
BRDA:14772,2159,0,1
BRDA:14772,2159,1,1
BRDA:14788,2160,0,1
BRDA:14788,2160,1,0
BRDA:14788,2160,2,0
BRDA:14791,2161,0,0
BRDA:14791,2161,1,0
BRF:4572
BRH:530
end_of_record
